File name  : LJ_k50_e0,5_ss.txt
Start date : Wed Nov  7 14:52:45 2018
End date   : Wed Nov  7 14:52:52 2018
Duration   : 6.92712
SeedSize   : 50
Est. score : 103575
-----------------------------------------------------
File name  : LJ_k50_e0,1_ss.txt
Start date : Wed Nov  7 17:31:11 2018
End date   : Wed Nov  7 17:32:11 2018
Duration   : 60.3808
SeedSize   : 50
Est. score : 102717
-----------------------------------------------------
File name  : LJ_k100_e0,5_ss.txt
Start date : Wed Nov  7 17:34:39 2018
End date   : Wed Nov  7 17:34:48 2018
Duration   : 9.34054
SeedSize   : 100
Est. score : 143249
-----------------------------------------------------
File name  : LJ_k100_e0,1_ss.txt
Start date : Wed Nov  7 17:36:54 2018
End date   : Wed Nov  7 17:38:12 2018
Duration   : 77.6102
SeedSize   : 100
Est. score : 141827
-----------------------------------------------------
File name  : LJ_k150_e0,5_ss.txt
Start date : Wed Nov  7 17:39:15 2018
End date   : Wed Nov  7 17:39:28 2018
Duration   : 12.7645
SeedSize   : 150
Est. score : 168024
-----------------------------------------------------
File name  : LJ_k150_e0,1_ss.txt
Start date : Wed Nov  7 17:40:19 2018
End date   : Wed Nov  7 17:41:51 2018
Duration   : 92.198
SeedSize   : 150
Est. score : 166517
-----------------------------------------------------
File name  : LJ_k200_e0,5_ss.txt
Start date : Wed Nov  7 17:42:49 2018
End date   : Wed Nov  7 17:43:05 2018
Duration   : 15.9056
SeedSize   : 200
Est. score : 188818
-----------------------------------------------------
File name  : LJ_k200_e0,1_ss.txt
Start date : Wed Nov  7 17:45:05 2018
End date   : Wed Nov  7 17:46:52 2018
Duration   : 107.698
SeedSize   : 200
Est. score : 185298
-----------------------------------------------------
File name  : LJ_k250_e0,5_ss.txt
Start date : Wed Nov  7 17:48:04 2018
End date   : Wed Nov  7 17:48:23 2018
Duration   : 19.1269
SeedSize   : 250
Est. score : 204205
-----------------------------------------------------
File name  : LJ_k250_e0,1_ss.txt
Start date : Wed Nov  7 17:49:23 2018
End date   : Wed Nov  7 17:51:25 2018
Duration   : 121.552
SeedSize   : 250
Est. score : 202126
-----------------------------------------------------
File name  : LJ_k300_e0,5_ss.txt
Start date : Wed Nov  7 17:52:33 2018
End date   : Wed Nov  7 17:52:55 2018
Duration   : 22.4453
SeedSize   : 300
Est. score : 219296
-----------------------------------------------------
File name  : LJ_k300_e0,1_ss.txt
Start date : Wed Nov  7 19:44:05 2018
End date   : Wed Nov  7 19:46:30 2018
Duration   : 144.36
SeedSize   : 300
Est. score : 216510
-----------------------------------------------------
File name  : LJ_k1000_e0,1_ss.txt
Start date : Thu Jan 31 11:19:18 2019
End date   : Thu Jan 31 11:23:25 2019
Duration   : 246.997
SeedSize   : 1000
Est. score : 346951
-----------------------------------------------------
File name  : LJ_k2000_e0,1_ss.txt
Start date : Thu Jan 31 11:23:26 2019
End date   : Thu Jan 31 11:27:27 2019
Duration   : 240.782
SeedSize   : 2000
Est. score : 443260
-----------------------------------------------------
File name  : LJ_k3000_e0,1_ss.txt
Start date : Thu Jan 31 11:27:32 2019
End date   : Thu Jan 31 11:30:09 2019
Duration   : 156.485
SeedSize   : 3000
Est. score : 507631
-----------------------------------------------------
File name  : LJ_k4000_e0,1_ss.txt
Start date : Thu Jan 31 11:30:15 2019
End date   : Thu Jan 31 11:34:14 2019
Duration   : 238.744
SeedSize   : 4000
Est. score : 557834
-----------------------------------------------------
File name  : LJ_k5000_e0,1_ss.txt
Start date : Thu Jan 31 11:34:24 2019
End date   : Thu Jan 31 11:39:07 2019
Duration   : 282.994
SeedSize   : 5000
Est. score : 599707
-----------------------------------------------------
File name  : LJ_k6000_e0,1_ss.txt
Start date : Thu Jan 31 11:39:20 2019
End date   : Thu Jan 31 11:44:47 2019
Duration   : 326.825
SeedSize   : 6000
Est. score : 635998
-----------------------------------------------------
File name  : LJ_k7000_e0,1_ss.txt
Start date : Thu Jan 31 11:45:04 2019
End date   : Thu Jan 31 11:51:16 2019
Duration   : 372.202
SeedSize   : 7000
Est. score : 668347
-----------------------------------------------------
File name  : LJ_k8000_e0,1_ss.txt
Start date : Thu Jan 31 11:51:36 2019
End date   : Thu Jan 31 11:58:33 2019
Duration   : 417.572
SeedSize   : 8000
Est. score : 697692
-----------------------------------------------------
File name  : LJ_k9000_e0,1_ss.txt
Start date : Thu Jan 31 11:58:57 2019
End date   : Thu Jan 31 12:06:42 2019
Duration   : 465.197
SeedSize   : 9000
Est. score : 724677
-----------------------------------------------------
File name  : LJ_k10000_e0,1_ss.txt
Start date : Thu Jan 31 12:07:08 2019
End date   : Thu Jan 31 12:15:53 2019
Duration   : 525.075
SeedSize   : 10000
Est. score : 749669
-----------------------------------------------------
File name  : LJ_k20000_e0,1_ss.txt
Start date : Thu Jan 31 14:59:42 2019
End date   : Thu Jan 31 15:36:38 2019
Duration   : 2216.33
SeedSize   : 20000
Est. score : 938382
-----------------------------------------------------
