File name  : LJ_k50_e0,1_ss.txt
Start date : Thu Nov 22 19:24:53 2018
End date   : Thu Nov 22 19:25:17 2018
Runtime    : 1199.57
Seed size  : 50
Inf. score : 102621
-----------------------------------------------
File name  : LJ_k100_e0,1_ss.txt
Start date : Thu Nov 22 19:25:49 2018
End date   : Thu Nov 22 19:26:21 2018
Runtime    : 1578.13
Seed size  : 100
Inf. score : 141812
-----------------------------------------------
File name  : LJ_k150_e0,1_ss.txt
Start date : Thu Nov 22 19:26:52 2018
End date   : Thu Nov 22 19:27:28 2018
Runtime    : 1835.58
Seed size  : 150
Inf. score : 165662
-----------------------------------------------
File name  : LJ_k200_e0,1_ss.txt
Start date : Thu Nov 22 19:27:57 2018
End date   : Thu Nov 22 19:28:38 2018
Runtime    : 2053.16
Seed size  : 200
Inf. score : 185065
-----------------------------------------------
File name  : LJ_k250_e0,1_ss.txt
Start date : Thu Nov 22 19:29:08 2018
End date   : Thu Nov 22 19:29:53 2018
Runtime    : 2220.45
Seed size  : 250
Inf. score : 201463
-----------------------------------------------
File name  : LJ_k300_e0,1_ss.txt
Start date : Thu Nov 22 19:30:41 2018
End date   : Thu Nov 22 19:31:28 2018
Runtime    : 2365.46
Seed size  : 300
Inf. score : 216455
-----------------------------------------------
File name  : live_inoutr/LJ_k50_e0,1_inoutr_v1_s399796_ss50.txt
Start date : Thu Nov 22 19:34:13 2018
End date   : Thu Nov 22 19:34:36 2018
Runtime    : 1151.69
Seed size  : 50
Inf. score : 102662
-----------------------------------------------
File name  : inoutr/LJ_k50_r0,00025_ap0,8_inoutr_s399796_ss50.txt
Start date : Thu Nov 22 19:35:37 2018
End date   : Thu Nov 22 19:36:00 2018
Runtime    : 1130.88
Seed size  : 50
Inf. score : 101766
-----------------------------------------------
File name  : inoutr/LJ_k100_r0,00025_ap0,8_inoutr_s399796_ss100.txt
Start date : Thu Nov 22 19:37:31 2018
End date   : Thu Nov 22 19:38:02 2018
Runtime    : 1552.14
Seed size  : 100
Inf. score : 139576
-----------------------------------------------
File name  : inoutr/LJ_k150_r0,0005_ap0,8_inoutr_s399796_ss150.txt
Start date : Thu Nov 22 19:38:46 2018
End date   : Thu Nov 22 19:39:22 2018
Runtime    : 1814.8
Seed size  : 150
Inf. score : 162143
-----------------------------------------------
File name  : inoutr/LJ_k200_r0,001_ap0,8_inoutr_s399796_ss200.txt
Start date : Thu Nov 22 19:40:06 2018
End date   : Thu Nov 22 19:40:46 2018
Runtime    : 2018.77
Seed size  : 200
Inf. score : 180844
-----------------------------------------------
File name  : inoutr/LJ_k250_r0,001_ap0,8_inoutr_s399796_ss250.txt
Start date : Thu Nov 22 19:41:26 2018
End date   : Thu Nov 22 19:42:10 2018
Runtime    : 2179.03
Seed size  : 250
Inf. score : 196669
-----------------------------------------------
File name  : inoutr/LJ_k300_r0,0025_ap0,8_inoutr_s399796_ss300.txt
Start date : Thu Nov 22 19:42:41 2018
End date   : Thu Nov 22 19:43:28 2018
Runtime    : 2348.38
Seed size  : 300
Inf. score : 208399
-----------------------------------------------
File name  : ../../data/livejournal/rtim/live/inoutr/v1/LJ_k10000_r1_ap0,8_inoutr_v1_s399796_ss10000.txt
Start date : Thu Jan 31 14:50:11 2019
End date   : Thu Jan 31 14:52:24 2019
Runtime    : 5688
Seed size  : 10000
Inf. score : 602922
-----------------------------------------------
File name  : ../../data/livejournal/rtim/live/inoutr/v1/LJ_k20000_r1_ap0,8_inoutr_v1_s399796_ss20000.txt
Start date : Thu Jan 31 15:46:31 2019
End date   : Thu Jan 31 15:49:28 2019
Runtime    : 8105.74
Seed size  : 20000
Inf. score : 809612
-----------------------------------------------
File name  : ../../data/livejournal/rtim/live/urr/v1/LJ_k10000_r2_ap0,5_urr_v1_s399796_ss7533.txt
Start date : Tue Feb 12 11:05:39 2019
End date   : Tue Feb 12 11:07:05 2019
Runtime    : 3174.74
Seed size  : 7533
Inf. score : 416515
-----------------------------------------------
File name  : ../../data/livejournal/rtim/live/inoutr/v1/LJ_k10000_r2_ap0,5_inoutr_v1_s399796_ss10000.txt
Start date : Tue Feb 12 11:08:51 2019
End date   : Tue Feb 12 11:11:03 2019
Runtime    : 11562
Seed size  : 10000
Inf. score : 563571
-----------------------------------------------
File name  : ../../data/livejournal/rtim/live/loginoutr/v1/LJ_k10000_r2_ap0,5_loginoutr_v1_s399796_ss10000.txt
Start date : Tue Feb 12 11:14:48 2019
End date   : Tue Feb 12 11:16:42 2019
Runtime    : 24640.3
Seed size  : 10000
Inf. score : 503447
-----------------------------------------------
File name  : ../../data/livejournal/rtim/live/urr/v1/LJ_k10000_r1_ap0,5_urr_v1_s399796_ss3789.txt
Start date : Tue Feb 12 11:19:03 2019
End date   : Tue Feb 12 11:20:14 2019
Runtime    : 31706.6
Seed size  : 3789
Inf. score : 315145
-----------------------------------------------
File name  : ../../data/livejournal/rtim/live/inoutr/v1/LJ_k10000_r1_ap0,5_inoutr_v1_s399796_ss10000.txt
Start date : Tue Feb 12 11:21:30 2019
End date   : Tue Feb 12 11:23:56 2019
Runtime    : 38825.2
Seed size  : 10000
Inf. score : 612329
-----------------------------------------------
File name  : ../../data/livejournal/rtim/live/loginoutr/v1/LJ_k10000_r1_ap0,5_loginoutr_v1_s399796_ss8442.txt
Start date : Tue Feb 12 11:24:32 2019
End date   : Tue Feb 12 11:26:31 2019
Runtime    : 44701.6
Seed size  : 8442
Inf. score : 520384
-----------------------------------------------
File name  : ../../data/livejournal/rtim/live/urr/v1/LJ_k10000_r0,5_ap0,5_urr_v1_s399796_ss1973.txt
Start date : Tue Feb 12 11:29:26 2019
End date   : Tue Feb 12 11:30:21 2019
Runtime    : 47411.1
Seed size  : 1973
Inf. score : 239859
-----------------------------------------------
File name  : ../../data/livejournal/rtim/live/inoutr/v1/LJ_k10000_r0,5_ap0,5_inoutr_v1_s399796_ss10000.txt
Start date : Tue Feb 12 11:35:17 2019
End date   : Tue Feb 12 11:37:50 2019
Runtime    : 55102
Seed size  : 10000
Inf. score : 657676
-----------------------------------------------
File name  : ../../data/livejournal/rtim/live/loginoutr/v1/LJ_k10000_r0,5_ap0,5_loginoutr_v1_s399796_ss4448.txt
Start date : Tue Feb 12 11:41:02 2019
End date   : Tue Feb 12 11:42:37 2019
Runtime    : 59795.5
Seed size  : 4448
Inf. score : 413238
-----------------------------------------------
File name  : ../../data/livejournal/rtim/live/urr/v1/LJ_k10000_r1_ap0,5_urr_v1_s399796_ss3789.txt
Start date : Tue Feb 12 22:46:49 2019
End date   : Tue Feb 12 22:48:00 2019
Runtime    : 90664.7
Seed size  : 3789
Inf. score : 315198
-----------------------------------------------
File name  : ../../data/livejournal/rtim/live/loginoutr/v1/LJ_k10000_r1_ap0,5_loginoutr_v1_s399796_ss8442.txt
Start date : Wed Feb 13 00:52:59 2019
End date   : Wed Feb 13 00:54:59 2019
Runtime    : 369569
Seed size  : 8442
Inf. score : 520360
-----------------------------------------------
File name  : ../../data/livejournal/rtim/live/urr/v1/LJ_k10000_r2_ap0,5_urr_v1_s399796_ss7533.txt
Start date : Wed Feb 13 11:15:53 2019
End date   : Wed Feb 13 11:17:27 2019
Runtime    : 592400
Seed size  : 7533
Inf. score : 416619
-----------------------------------------------
File name  : ../../data/livejournal/rtim/live/loginoutr/v1/LJ_k10000_r2_ap0,5_loginoutr_v1_s399796_ss10000.txt
Start date : Wed Feb 13 13:57:05 2019
End date   : Wed Feb 13 13:59:02 2019
Runtime    : 954103
Seed size  : 10000
Inf. score : 503548
-----------------------------------------------
File name  : ../../data/livejournal/rtim/live/urr/v2/LJ_k10000_r1_ap0,5_urr_v2_s399796_ss3883.txt
Start date : Tue Feb 26 11:30:19 2019
End date   : Tue Feb 26 11:31:32 2019
Runtime    : 2.69388e+07
Seed size  : 3883
Inf. score : 326048
-----------------------------------------------
File name  : ../../data/livejournal/rtim/live/loginoutr/v2/LJ_k10000_r1_ap0,5_loginoutr_v2_s399796_ss8357.txt
Start date : Tue Feb 26 12:05:49 2019
End date   : Tue Feb 26 12:07:45 2019
Runtime    : 2.6941e+07
Seed size  : 8357
Inf. score : 518895
-----------------------------------------------
File name  : ../../data/livejournal/rtim/live/urr/v2/LJ_k10000_r1_ap0,5_urr_v2_s399796_ss3883.txt
Start date : Tue Feb 26 22:50:55 2019
End date   : Tue Feb 26 22:52:07 2019
Runtime    : 2.69796e+07
Seed size  : 3883
Inf. score : 326065
-----------------------------------------------
File name  : ../../data/livejournal/rtim/live/loginoutr/v2/LJ_k10000_r1_ap0,5_loginoutr_v2_s399796_ss8357.txt
Start date : Wed Feb 27 01:00:34 2019
End date   : Wed Feb 27 01:02:31 2019
Runtime    : 2.69875e+07
Seed size  : 8357
Inf. score : 518745
-----------------------------------------------
