File name       : LJ_k800_r1_ap0,8_urr_v1_s1000000_ss800.txt
Start date      : Wed Nov 14 17:53:35 2018
End date        : Wed Nov 14 17:53:45 2018
Duration        : 3.106671 seconds
Max update time : 0.000036 seconds
----------------------------------------------------
File name       : LJ_k800_r0,5_ap0,8_urr_v1_s1000000_ss800.txt
Start date      : Wed Nov 14 17:54:03 2018
End date        : Wed Nov 14 17:54:13 2018
Duration        : 3.124561 seconds
Max update time : 0.000044 seconds
----------------------------------------------------
File name       : LJ_k800_r0,25_ap0,8_urr_v1_s1000000_ss800.txt
Start date      : Wed Nov 14 17:54:23 2018
End date        : Wed Nov 14 17:54:33 2018
Duration        : 3.158484 seconds
Max update time : 0.000040 seconds
----------------------------------------------------
File name       : LJ_k800_r0,1_ap0,8_urr_v1_s1000000_ss800.txt
Start date      : Wed Nov 14 17:54:45 2018
End date        : Wed Nov 14 17:54:55 2018
Duration        : 3.269585 seconds
Max update time : 0.000066 seconds
----------------------------------------------------
File name       : LJ_k800_r0,05_ap0,8_urr_v1_s1000000_ss516.txt
Start date      : Wed Nov 14 17:56:34 2018
End date        : Wed Nov 14 17:56:44 2018
Duration        : 3.304218 seconds
Max update time : 0.000179 seconds
----------------------------------------------------
File name       : LJ_k800_r0,025_ap0,8_urr_v1_s1000000_ss258.txt
Start date      : Wed Nov 14 17:57:32 2018
End date        : Wed Nov 14 17:57:42 2018
Duration        : 3.296014 seconds
Max update time : 0.000181 seconds
----------------------------------------------------
File name       : LJ_k800_r0,01_ap0,8_urr_v1_s1000000_ss113.txt
Start date      : Wed Nov 14 17:59:31 2018
End date        : Wed Nov 14 17:59:41 2018
Duration        : 3.277779 seconds
Max update time : 0.000150 seconds
----------------------------------------------------
File name       : LJ_k800_r0,008_ap0,8_urr_v1_s1000000_ss92.txt
Start date      : Wed Nov 14 18:00:09 2018
End date        : Wed Nov 14 18:00:19 2018
Duration        : 3.292360 seconds
Max update time : 0.000184 seconds
----------------------------------------------------
