File name  : DB_k350_e0,5_ss.txt
Start date : Fri Nov 16 01:00:14 2018
End date   : Fri Nov 16 01:00:17 2018
Duration   : 2.26522
SeedSize   : 350
Est. score : 20820.8
-----------------------------------------------------
File name  : DB_k350_e0,1_ss.txt
Start date : Fri Nov 16 01:00:17 2018
End date   : Fri Nov 16 01:00:33 2018
Duration   : 16.417
SeedSize   : 350
Est. score : 20378.2
-----------------------------------------------------
File name  : DB_k400_e0,5_ss.txt
Start date : Fri Nov 16 01:00:33 2018
End date   : Fri Nov 16 01:00:38 2018
Duration   : 4.44941
SeedSize   : 400
Est. score : 22222.7
-----------------------------------------------------
File name  : DB_k400_e0,1_ss.txt
Start date : Fri Nov 16 01:00:38 2018
End date   : Fri Nov 16 01:00:43 2018
Duration   : 4.94174
SeedSize   : 400
Est. score : 22223.5
-----------------------------------------------------
File name  : DB_k450_e0,5_ss.txt
Start date : Fri Nov 16 01:00:44 2018
End date   : Fri Nov 16 01:00:49 2018
Duration   : 5.0976
SeedSize   : 450
Est. score : 23972.7
-----------------------------------------------------
File name  : DB_k450_e0,1_ss.txt
Start date : Fri Nov 16 01:00:49 2018
End date   : Fri Nov 16 01:00:55 2018
Duration   : 5.50829
SeedSize   : 450
Est. score : 23967.6
-----------------------------------------------------
File name  : DB_k50_e0,5_ss.txt
Start date : Fri Nov 16 01:02:07 2018
End date   : Fri Nov 16 01:02:08 2018
Duration   : 1.00422
SeedSize   : 50
Est. score : 5237.08
-----------------------------------------------------
File name  : DB_k50_e0,1_ss.txt
Start date : Fri Nov 16 01:02:08 2018
End date   : Fri Nov 16 01:02:20 2018
Duration   : 11.6397
SeedSize   : 50
Est. score : 5189.64
-----------------------------------------------------
File name  : DB_k100_e0,5_ss.txt
Start date : Fri Nov 16 01:02:20 2018
End date   : Fri Nov 16 01:02:22 2018
Duration   : 1.74086
SeedSize   : 100
Est. score : 8678.34
-----------------------------------------------------
File name  : DB_k100_e0,1_ss.txt
Start date : Fri Nov 16 01:02:22 2018
End date   : Fri Nov 16 01:02:25 2018
Duration   : 2.45218
SeedSize   : 100
Est. score : 8672.21
-----------------------------------------------------
File name  : DB_k150_e0,5_ss.txt
Start date : Fri Nov 16 01:02:25 2018
End date   : Fri Nov 16 01:02:27 2018
Duration   : 2.05663
SeedSize   : 150
Est. score : 11512.5
-----------------------------------------------------
File name  : DB_k150_e0,1_ss.txt
Start date : Fri Nov 16 01:02:27 2018
End date   : Fri Nov 16 01:02:29 2018
Duration   : 2.54243
SeedSize   : 150
Est. score : 11517.6
-----------------------------------------------------
File name  : DB_k200_e0,5_ss.txt
Start date : Fri Nov 16 01:02:30 2018
End date   : Fri Nov 16 01:02:32 2018
Duration   : 2.50501
SeedSize   : 200
Est. score : 14025.8
-----------------------------------------------------
File name  : DB_k200_e0,1_ss.txt
Start date : Fri Nov 16 01:02:32 2018
End date   : Fri Nov 16 01:02:35 2018
Duration   : 3.13168
SeedSize   : 200
Est. score : 14023
-----------------------------------------------------
File name  : DB_k250_e0,5_ss.txt
Start date : Fri Nov 16 01:02:36 2018
End date   : Fri Nov 16 01:02:39 2018
Duration   : 3.1569
SeedSize   : 250
Est. score : 16278.6
-----------------------------------------------------
File name  : DB_k250_e0,1_ss.txt
Start date : Fri Nov 16 01:02:39 2018
End date   : Fri Nov 16 01:02:43 2018
Duration   : 4.05464
SeedSize   : 250
Est. score : 16272
-----------------------------------------------------
File name  : DB_k300_e0,5_ss.txt
Start date : Fri Nov 16 01:02:43 2018
End date   : Fri Nov 16 01:02:47 2018
Duration   : 3.80167
SeedSize   : 300
Est. score : 18344.3
-----------------------------------------------------
File name  : DB_k300_e0,1_ss.txt
Start date : Fri Nov 16 01:02:47 2018
End date   : Fri Nov 16 01:02:54 2018
Duration   : 6.4838
SeedSize   : 300
Est. score : 18353.9
-----------------------------------------------------
File name  : DB_k33_e0,5_ss.txt
Start date : Fri Nov 16 01:02:54 2018
End date   : Fri Nov 16 01:02:55 2018
Duration   : 0.928015
SeedSize   : 33
Est. score : 3744.57
-----------------------------------------------------
File name  : DB_k33_e0,1_ss.txt
Start date : Fri Nov 16 01:02:55 2018
End date   : Fri Nov 16 01:02:56 2018
Duration   : 1.01908
SeedSize   : 33
Est. score : 3744.57
-----------------------------------------------------
