File name       : DB_k800_r1_ap0,8_urr_v1_s317080_ss800.txt
Start date      : Wed Nov 14 14:35:32 2018
End date        : Wed Nov 14 14:35:39 2018
Duration        : 0.378362 seconds
Max update time : 0.000011 seconds
----------------------------------------------------
File name       : DB_k800_r0,5_ap0,8_urr_v1_s317080_ss800.txt
Start date      : Wed Nov 14 14:38:26 2018
End date        : Wed Nov 14 14:38:33 2018
Duration        : 0.385755 seconds
Max update time : 0.000014 seconds
----------------------------------------------------
File name       : DB_k800_r0,25_ap0,8_urr_v1_s317080_ss800.txt
Start date      : Wed Nov 14 14:39:13 2018
End date        : Wed Nov 14 14:39:20 2018
Duration        : 0.409277 seconds
Max update time : 0.000005 seconds
----------------------------------------------------
File name       : DB_k800_r0,1_ap0,8_urr_v1_s317080_ss350.txt
Start date      : Wed Nov 14 14:39:40 2018
End date        : Wed Nov 14 14:39:48 2018
Duration        : 0.400021 seconds
Max update time : 0.000005 seconds
----------------------------------------------------
File name       : DB_k800_r0,05_ap0,8_urr_v1_s317080_ss173.txt
Start date      : Wed Nov 14 14:40:29 2018
End date        : Wed Nov 14 14:40:36 2018
Duration        : 0.398693 seconds
Max update time : 0.000005 seconds
----------------------------------------------------
File name       : DB_k800_r0,025_ap0,8_urr_v1_s317080_ss89.txt
Start date      : Wed Nov 14 14:41:12 2018
End date        : Wed Nov 14 14:41:19 2018
Duration        : 0.397397 seconds
Max update time : 0.000010 seconds
----------------------------------------------------
File name       : DB_k800_r1_ap0,8_urr_v2_s317080_ss800.txt
Start date      : Wed Nov 14 14:41:47 2018
End date        : Wed Nov 14 14:41:54 2018
Duration        : 0.373389 seconds
Max update time : 0.000003 seconds
----------------------------------------------------
File name       : DB_k800_r0,5_ap0,8_urr_v2_s317080_ss800.txt
Start date      : Wed Nov 14 14:42:05 2018
End date        : Wed Nov 14 14:42:13 2018
Duration        : 0.384558 seconds
Max update time : 0.000013 seconds
----------------------------------------------------
File name       : DB_k800_r0,25_ap0,8_urr_v2_s317080_ss800.txt
Start date      : Wed Nov 14 14:43:43 2018
End date        : Wed Nov 14 14:43:50 2018
Duration        : 0.408572 seconds
Max update time : 0.000004 seconds
----------------------------------------------------
File name       : DB_k800_r0,1_ap0,8_urr_v2_s317080_ss310.txt
Start date      : Wed Nov 14 14:44:12 2018
End date        : Wed Nov 14 14:44:20 2018
Duration        : 0.401950 seconds
Max update time : 0.000005 seconds
----------------------------------------------------
File name       : DB_k800_r0,05_ap0,8_urr_v2_s317080_ss156.txt
Start date      : Wed Nov 14 14:44:53 2018
End date        : Wed Nov 14 14:45:00 2018
Duration        : 0.398061 seconds
Max update time : 0.000004 seconds
----------------------------------------------------
File name       : DB_k800_r0,025_ap0,8_urr_v2_s317080_ss75.txt
Start date      : Wed Nov 14 14:45:17 2018
End date        : Wed Nov 14 14:45:24 2018
Duration        : 0.396892 seconds
Max update time : 0.000005 seconds
----------------------------------------------------
File name       : DB_k800_r1_ap0,8_inoutr_s31708_ss800.txt
Start date      : Mon Nov 19 17:55:08 2018
End date        : Mon Nov 19 17:55:08 2018
Duration        : 0.017346 seconds
Max update time : 0.000008 seconds
----------------------------------------------------
File name       : DB_k800_r0,5_ap0,8_inoutr_s31708_ss800.txt
Start date      : Mon Nov 19 17:55:33 2018
End date        : Mon Nov 19 17:55:33 2018
Duration        : 0.022488 seconds
Max update time : 0.000007 seconds
----------------------------------------------------
File name       : DB_k800_r0,25_ap0,8_inoutr_s31708_ss800.txt
Start date      : Mon Nov 19 17:56:46 2018
End date        : Mon Nov 19 17:56:46 2018
Duration        : 0.026081 seconds
Max update time : 0.000020 seconds
----------------------------------------------------
File name       : DB_k800_r0,1_ap0,8_inoutr_s31708_ss469.txt
Start date      : Mon Nov 19 17:57:21 2018
End date        : Mon Nov 19 17:57:21 2018
Duration        : 0.019932 seconds
Max update time : 0.000006 seconds
----------------------------------------------------
File name       : DB_k800_r0,05_ap0,8_inoutr_s31708_ss280.txt
Start date      : Mon Nov 19 17:57:39 2018
End date        : Mon Nov 19 17:57:39 2018
Duration        : 0.014887 seconds
Max update time : 0.000016 seconds
----------------------------------------------------
File name       : DB_k800_r0,025_ap0,8_inoutr_s31708_ss151.txt
Start date      : Mon Nov 19 17:57:58 2018
End date        : Mon Nov 19 17:57:58 2018
Duration        : 0.011342 seconds
Max update time : 0.000004 seconds
----------------------------------------------------
File name       : DB_k800_r0,01_ap0,8_inoutr_s31708_ss66.txt
Start date      : Mon Nov 19 17:58:36 2018
End date        : Mon Nov 19 17:58:36 2018
Duration        : 0.010352 seconds
Max update time : 0.000005 seconds
----------------------------------------------------
