Date           : Sat Jun  8 10:55:10 2019
Graph
- dataset      : livejournal
- subgraph     : false
- size         : 100%
- nodes        : 0
- edges        : 0
Seed set
- file path    : ../../data/livejournal/imm/basic/LJ_k50_e0,5_ss.txt
- inf. score   : 690.199
----------------------------------------------------
Date           : Sat Jun  8 10:56:17 2019
Graph
- dataset      : livejournal
- subgraph     : false
- size         : 100%
- nodes        : 0
- edges        : 0
Seed set
- file path    : ../../data/livejournal/imm/basic/LJ_k100_e0,5_ss.txt
- inf. score   : 1240.9
----------------------------------------------------
Date           : Sat Jun  8 10:57:42 2019
Graph
- dataset      : livejournal
- subgraph     : false
- size         : 100%
- nodes        : 0
- edges        : 0
Seed set
- file path    : ../../data/livejournal/imm/basic/LJ_k200_e0,5_ss.txt
- inf. score   : 3753.02
----------------------------------------------------
Date           : Sat Jun  8 10:59:10 2019
Graph
- dataset      : livejournal
- subgraph     : false
- size         : 100%
- nodes        : 0
- edges        : 0
Seed set
- file path    : ../../data/livejournal/imm/basic/LJ_k500_e0,5_ss.txt
- inf. score   : 6845.75
----------------------------------------------------
Date           : Sat Jun  8 11:00:58 2019
Graph
- dataset      : livejournal
- subgraph     : false
- size         : 100%
- nodes        : 0
- edges        : 0
Seed set
- file path    : ../../data/livejournal/imm/basic/LJ_k1000_e0,5_ss.txt
- inf. score   : 12667
----------------------------------------------------
Date           : Sat Jun  8 11:03:12 2019
Graph
- dataset      : livejournal
- subgraph     : false
- size         : 100%
- nodes        : 0
- edges        : 0
Seed set
- file path    : ../../data/livejournal/imm/osim/LJ_top_25_k50_e0,5_ss.txt
- inf. score   : 2556.82
----------------------------------------------------
Date           : Sat Jun  8 11:04:35 2019
Graph
- dataset      : livejournal
- subgraph     : false
- size         : 100%
- nodes        : 0
- edges        : 0
Seed set
- file path    : ../../data/livejournal/imm/osim/LJ_top_25_k100_e0,5_ss.txt
- inf. score   : 5219.7
----------------------------------------------------
Date           : Sat Jun  8 11:06:30 2019
Graph
- dataset      : livejournal
- subgraph     : false
- size         : 100%
- nodes        : 0
- edges        : 0
Seed set
- file path    : ../../data/livejournal/imm/osim/LJ_top_25_k200_e0,5_ss.txt
- inf. score   : 8170.5
----------------------------------------------------
Date           : Sat Jun  8 11:31:03 2019
Graph
- dataset      : livejournal
- subgraph     : false
- size         : 100%
- nodes        : 0
- edges        : 0
Seed set
- file path    : ../../data/livejournal/imm/osim/LJ_top_25_k500_e0,5_ss.txt
- inf. score   : 20321.7
----------------------------------------------------
Date           : Sat Jun  8 11:34:08 2019
Graph
- dataset      : livejournal
- subgraph     : false
- size         : 100%
- nodes        : 0
- edges        : 0
Seed set
- file path    : ../../data/livejournal/imm/osim/LJ_top_25_k1000_e0,5_ss.txt
- inf. score   : 34166.9
----------------------------------------------------
Date           : Sat Jun  8 11:41:13 2019
Graph
- dataset      : livejournal
- subgraph     : false
- size         : 100%
- nodes        : 0
- edges        : 0
Seed set
- file path    : ../../data/livejournal/imm/osim/LJ_top_50_k50_e0,5_ss.txt
- inf. score   : 1291.61
----------------------------------------------------
Date           : Sat Jun  8 11:42:58 2019
Graph
- dataset      : livejournal
- subgraph     : false
- size         : 100%
- nodes        : 0
- edges        : 0
Seed set
- file path    : ../../data/livejournal/imm/osim/LJ_top_50_k100_e0,5_ss.txt
- inf. score   : 2384.88
----------------------------------------------------
Date           : Sat Jun  8 11:46:40 2019
Graph
- dataset      : livejournal
- subgraph     : false
- size         : 100%
- nodes        : 0
- edges        : 0
Seed set
- file path    : ../../data/livejournal/imm/osim/LJ_top_50_k200_e0,5_ss.txt
- inf. score   : 5262.68
----------------------------------------------------
Date           : Sat Jun  8 11:49:29 2019
Graph
- dataset      : livejournal
- subgraph     : false
- size         : 100%
- nodes        : 0
- edges        : 0
Seed set
- file path    : ../../data/livejournal/imm/osim/LJ_top_50_k500_e0,5_ss.txt
- inf. score   : 12683.5
----------------------------------------------------
Date           : Sat Jun  8 11:51:55 2019
Graph
- dataset      : livejournal
- subgraph     : false
- size         : 100%
- nodes        : 0
- edges        : 0
Seed set
- file path    : ../../data/livejournal/imm/osim/LJ_top_50_k1000_e0,5_ss.txt
- inf. score   : 25743.9
----------------------------------------------------
Date           : Sat Jun  8 11:55:23 2019
Graph
- dataset      : livejournal
- subgraph     : false
- size         : 100%
- nodes        : 0
- edges        : 0
Seed set
- file path    : ../../data/livejournal/imm/osim/LJ_top_75_k50_e0,5_ss.txt
- inf. score   : 829.096
----------------------------------------------------
Date           : Sat Jun  8 11:56:53 2019
Graph
- dataset      : livejournal
- subgraph     : false
- size         : 100%
- nodes        : 0
- edges        : 0
Seed set
- file path    : ../../data/livejournal/imm/osim/LJ_top_75_k100_e0,5_ss.txt
- inf. score   : 1838.84
----------------------------------------------------
Date           : Sat Jun  8 11:58:25 2019
Graph
- dataset      : livejournal
- subgraph     : false
- size         : 100%
- nodes        : 0
- edges        : 0
Seed set
- file path    : ../../data/livejournal/imm/osim/LJ_top_75_k200_e0,5_ss.txt
- inf. score   : 3981.77
----------------------------------------------------
Date           : Sat Jun  8 12:00:11 2019
Graph
- dataset      : livejournal
- subgraph     : false
- size         : 100%
- nodes        : 0
- edges        : 0
Seed set
- file path    : ../../data/livejournal/imm/osim/LJ_top_75_k500_e0,5_ss.txt
- inf. score   : 8448.99
----------------------------------------------------
Date           : Sat Jun  8 12:03:02 2019
Graph
- dataset      : livejournal
- subgraph     : false
- size         : 100%
- nodes        : 0
- edges        : 0
Seed set
- file path    : ../../data/livejournal/imm/osim/LJ_top_75_k1000_e0,5_ss.txt
- inf. score   : 19429.4
----------------------------------------------------
Date           : Thu Jun 27 15:47:50 2019
Graph
- dataset      : livejournal
- subgraph     : false
- size         : 100%
- nodes        : 0
- edges        : 0
Seed set
- file path    : ../../data/livejournal/imm/basic/LJ_k50_e0,1_ss.txt
- inf. score   : 102651
----------------------------------------------------
Date           : Thu Jun 27 15:50:49 2019
Graph
- dataset      : livejournal
- subgraph     : false
- size         : 100%
- nodes        : 0
- edges        : 0
Seed set
- file path    : ../../data/livejournal/imm/basic/LJ_k100_e0,1_ss.txt
- inf. score   : 141703
----------------------------------------------------
Date           : Thu Jun 27 15:52:16 2019
Graph
- dataset      : livejournal
- subgraph     : false
- size         : 100%
- nodes        : 0
- edges        : 0
Seed set
- file path    : ../../data/livejournal/imm/basic/LJ_k200_e0,1_ss.txt
- inf. score   : 185032
----------------------------------------------------
Date           : Thu Jun 27 15:54:05 2019
Graph
- dataset      : livejournal
- subgraph     : false
- size         : 100%
- nodes        : 0
- edges        : 0
Seed set
- file path    : ../../data/livejournal/imm/basic/LJ_k500_e0,1_ss.txt
- inf. score   : 264985
----------------------------------------------------
Date           : Thu Jun 27 15:55:55 2019
Graph
- dataset      : livejournal
- subgraph     : false
- size         : 100%
- nodes        : 0
- edges        : 0
Seed set
- file path    : ../../data/livejournal/imm/basic/LJ_k1000_e0,1_ss.txt
- inf. score   : 346630
----------------------------------------------------
Date           : Thu Jun 27 15:58:17 2019
Graph
- dataset      : livejournal
- subgraph     : false
- size         : 100%
- nodes        : 0
- edges        : 0
Seed set
- file path    : ../../data/livejournal/imm/osim/LJ_top_25_k50_e0,1_ss.txt
- inf. score   : 96333.8
----------------------------------------------------
Date           : Thu Jun 27 15:59:34 2019
Graph
- dataset      : livejournal
- subgraph     : false
- size         : 100%
- nodes        : 0
- edges        : 0
Seed set
- file path    : ../../data/livejournal/imm/osim/LJ_top_25_k100_e0,1_ss.txt
- inf. score   : 134278
----------------------------------------------------
Date           : Thu Jun 27 16:00:52 2019
Graph
- dataset      : livejournal
- subgraph     : false
- size         : 100%
- nodes        : 0
- edges        : 0
Seed set
- file path    : ../../data/livejournal/imm/osim/LJ_top_25_k200_e0,1_ss.txt
- inf. score   : 175962
----------------------------------------------------
Date           : Thu Jun 27 16:03:37 2019
Graph
- dataset      : livejournal
- subgraph     : false
- size         : 100%
- nodes        : 0
- edges        : 0
Seed set
- file path    : ../../data/livejournal/imm/osim/LJ_top_25_k500_e0,1_ss.txt
- inf. score   : 251219
----------------------------------------------------
Date           : Thu Jun 27 16:36:40 2019
Graph
- dataset      : livejournal
- subgraph     : false
- size         : 100%
- nodes        : 0
- edges        : 0
Seed set
- file path    : ../../data/livejournal/imm/osim/LJ_top_25_k1000_e0,1_ss.txt
- inf. score   : 329126
----------------------------------------------------
Date           : Thu Jul  4 11:40:42 2019
Graph
- dataset      : livejournal
- subgraph     : false
- size         : 100%
- nodes        : 0
- edges        : 0
Seed set
- file path    : ../../data/livejournal/imm/osim/LJ_top_25_k50_e0,1_ss.txt
- inf. score   : 96329.8
----------------------------------------------------
Date           : Thu Jul  4 11:43:00 2019
Graph
- dataset      : livejournal
- subgraph     : false
- size         : 100%
- nodes        : 0
- edges        : 0
Seed set
- file path    : ../../data/livejournal/imm/osim/LJ_top_25_k100_e0,1_ss.txt
- inf. score   : 134215
----------------------------------------------------
Date           : Thu Jul  4 11:44:29 2019
Graph
- dataset      : livejournal
- subgraph     : false
- size         : 100%
- nodes        : 0
- edges        : 0
Seed set
- file path    : ../../data/livejournal/imm/osim/LJ_top_25_k200_e0,1_ss.txt
- inf. score   : 176125
----------------------------------------------------
Date           : Thu Jul  4 11:47:37 2019
Graph
- dataset      : livejournal
- subgraph     : false
- size         : 100%
- nodes        : 0
- edges        : 0
Seed set
- file path    : ../../data/livejournal/imm/osim/LJ_top_25_k500_e0,1_ss.txt
- inf. score   : 251228
----------------------------------------------------
Date           : Thu Jul  4 14:14:03 2019
Graph
- dataset      : livejournal
- subgraph     : false
- size         : 100%
- nodes        : 0
- edges        : 0
Seed set
- file path    : ../../data/livejournal/imm/osim/LJ_top_25_k50_e0,1_ss.txt
- inf. score   : 96489.2
----------------------------------------------------
Date           : Thu Jul  4 14:20:27 2019
Graph
- dataset      : livejournal
- subgraph     : false
- size         : 100%
- nodes        : 0
- edges        : 0
Seed set
- file path    : ../../data/livejournal/imm/osim/LJ_top_25_k100_e0,1_ss.txt
- inf. score   : 134171
----------------------------------------------------
Date           : Thu Jul  4 14:26:19 2019
Graph
- dataset      : livejournal
- subgraph     : false
- size         : 100%
- nodes        : 0
- edges        : 0
Seed set
- file path    : ../../data/livejournal/imm/osim/LJ_top_25_k1000_e0,1_ss.txt
- inf. score   : 329203
----------------------------------------------------
Date           : Thu Jul  4 14:29:15 2019
Graph
- dataset      : livejournal
- subgraph     : false
- size         : 100%
- nodes        : 0
- edges        : 0
Seed set
- file path    : ../../data/livejournal/imm/osim/LJ_top_50_k50_e0,1_ss.txt
- inf. score   : 12180.5
----------------------------------------------------
Date           : Thu Jul  4 14:31:28 2019
Graph
- dataset      : livejournal
- subgraph     : false
- size         : 100%
- nodes        : 0
- edges        : 0
Seed set
- file path    : ../../data/livejournal/imm/osim/LJ_top_50_k100_e0,1_ss.txt
- inf. score   : 20778.5
----------------------------------------------------
Date           : Thu Jul  4 14:33:50 2019
Graph
- dataset      : livejournal
- subgraph     : false
- size         : 100%
- nodes        : 0
- edges        : 0
Seed set
- file path    : ../../data/livejournal/imm/osim/LJ_top_50_k200_e0,1_ss.txt
- inf. score   : 32462.9
----------------------------------------------------
Date           : Thu Jul  4 14:35:52 2019
Graph
- dataset      : livejournal
- subgraph     : false
- size         : 100%
- nodes        : 0
- edges        : 0
Seed set
- file path    : ../../data/livejournal/imm/osim/LJ_top_50_k500_e0,1_ss.txt
- inf. score   : 51847.9
----------------------------------------------------
Date           : Thu Jul  4 14:36:51 2019
Graph
- dataset      : livejournal
- subgraph     : false
- size         : 100%
- nodes        : 0
- edges        : 0
Seed set
- file path    : ../../data/livejournal/imm/osim/LJ_top_50_k1000_e0,1_ss.txt
- inf. score   : 76037.3
----------------------------------------------------
Date           : Thu Jul  4 14:38:36 2019
Graph
- dataset      : livejournal
- subgraph     : false
- size         : 100%
- nodes        : 0
- edges        : 0
Seed set
- file path    : ../../data/livejournal/imm/osim/LJ_top_75_k50_e0,1_ss.txt
- inf. score   : 10245.6
----------------------------------------------------
