File name  : YO_k50_e0,5_ss.txt
Start date : Wed Nov  7 14:48:45 2018
End date   : Wed Nov  7 14:48:46 2018
Duration   : 1.02092
SeedSize   : 50
Est. score : 152068
-----------------------------------------------------
File name  : YO_k50_e0,1_ss.txt
Start date : Wed Nov  7 17:25:22 2018
End date   : Wed Nov  7 17:25:32 2018
Duration   : 9.73654
SeedSize   : 50
Est. score : 149441
-----------------------------------------------------
File name  : YO_k100_e0,5_ss.txt
Start date : Wed Nov  7 17:25:44 2018
End date   : Wed Nov  7 17:25:46 2018
Duration   : 1.69317
SeedSize   : 100
Est. score : 198720
-----------------------------------------------------
File name  : YO_k100_e0,1_ss.txt
Start date : Wed Nov  7 17:25:52 2018
End date   : Wed Nov  7 17:26:06 2018
Duration   : 13.1244
SeedSize   : 100
Est. score : 196626
-----------------------------------------------------
File name  : YO_k150_e0,5_ss.txt
Start date : Wed Nov  7 17:26:35 2018
End date   : Wed Nov  7 17:26:38 2018
Duration   : 2.35504
SeedSize   : 150
Est. score : 229566
-----------------------------------------------------
File name  : YO_k150_e0,1_ss.txt
Start date : Wed Nov  7 17:26:44 2018
End date   : Wed Nov  7 17:27:00 2018
Duration   : 16.2438
SeedSize   : 150
Est. score : 226928
-----------------------------------------------------
File name  : YO_k200_e0,5_ss.txt
Start date : Wed Nov  7 17:27:10 2018
End date   : Wed Nov  7 17:27:13 2018
Duration   : 2.97722
SeedSize   : 200
Est. score : 251687
-----------------------------------------------------
File name  : YO_k200_e0,1_ss.txt
Start date : Wed Nov  7 17:27:27 2018
End date   : Wed Nov  7 17:27:48 2018
Duration   : 20.1974
SeedSize   : 200
Est. score : 249025
-----------------------------------------------------
File name  : YO_k250_e0,5_ss.txt
Start date : Wed Nov  7 17:28:09 2018
End date   : Wed Nov  7 17:28:12 2018
Duration   : 3.55827
SeedSize   : 250
Est. score : 270843
-----------------------------------------------------
File name  : YO_k250_e0,1_ss.txt
Start date : Wed Nov  7 17:28:26 2018
End date   : Wed Nov  7 17:28:52 2018
Duration   : 26.4247
SeedSize   : 250
Est. score : 266796
-----------------------------------------------------
File name  : YO_k300_e0,5_ss.txt
Start date : Wed Nov  7 17:29:20 2018
End date   : Wed Nov  7 17:29:23 2018
Duration   : 3.4233
SeedSize   : 300
Est. score : 286560
-----------------------------------------------------
File name  : YO_k300_e0,1_ss.txt
Start date : Wed Nov  7 17:29:34 2018
End date   : Wed Nov  7 17:30:03 2018
Duration   : 29.3135
SeedSize   : 300
Est. score : 282479
-----------------------------------------------------
