File name  : live_inoutr/YO_k50_e0,1_inoutr_v1_s113489_ss50.txt
Start date : Thu Nov 22 15:54:41 2018
End date   : Thu Nov 22 15:54:48 2018
Runtime    : 404.983
Seed size  : 50
Inf. score : 149818
-----------------------------------------------
File name  : live_inoutr/YO_k100_e0,1_inoutr_v1_s113489_ss100.txt
Start date : Thu Nov 22 15:55:27 2018
End date   : Thu Nov 22 15:55:37 2018
Runtime    : 534.561
Seed size  : 100
Inf. score : 196319
-----------------------------------------------
File name  : live_inoutr/YO_k150_e0,1_inoutr_v1_s113489_ss150.txt
Start date : Thu Nov 22 15:56:08 2018
End date   : Thu Nov 22 15:56:20 2018
Runtime    : 599.815
Seed size  : 150
Inf. score : 226382
-----------------------------------------------
File name  : live_inoutr/YO_k200_e0,1_inoutr_v1_s113489_ss200.txt
Start date : Thu Nov 22 15:56:38 2018
End date   : Thu Nov 22 15:56:51 2018
Runtime    : 655.364
Seed size  : 200
Inf. score : 249071
-----------------------------------------------
File name  : live_inoutr/YO_k250_e0,1_inoutr_v1_s113489_ss250.txt
Start date : Thu Nov 22 15:57:09 2018
End date   : Thu Nov 22 15:57:23 2018
Runtime    : 700.781
Seed size  : 250
Inf. score : 267167
-----------------------------------------------
File name  : live_inoutr/YO_k300_e0,1_inoutr_v1_s113489_ss300.txt
Start date : Thu Nov 22 15:57:37 2018
End date   : Thu Nov 22 15:57:52 2018
Runtime    : 724.13
Seed size  : 300
Inf. score : 282217
-----------------------------------------------
File name  : inoutr/YO_k50_e0,0005_ap0,8_inoutr_s113489_ss50.txt
Start date : Thu Nov 22 16:02:28 2018
End date   : Thu Nov 22 16:02:28 2018
Runtime    : 3.16886
Seed size  : 0
Inf. score : 0
-----------------------------------------------
File name  : inoutr/YO_k50_r0,0005_ap0,8_inoutr_s113489_ss50.txt
Start date : Thu Nov 22 16:04:50 2018
End date   : Thu Nov 22 16:04:59 2018
Runtime    : 416.411
Seed size  : 50
Inf. score : 144435
-----------------------------------------------
File name  : inoutr/YO_k100_r0,0005_ap0,8_inoutr_s113489_ss100.txt
Start date : Thu Nov 22 16:05:14 2018
End date   : Thu Nov 22 16:05:24 2018
Runtime    : 526.036
Seed size  : 100
Inf. score : 187584
-----------------------------------------------
File name  : inoutr/YO_k150_r0,0005_ap0,8_inoutr_s113489_ss150.txt
Start date : Thu Nov 22 16:05:35 2018
End date   : Thu Nov 22 16:05:47 2018
Runtime    : 594.857
Seed size  : 150
Inf. score : 217606
-----------------------------------------------
File name  : inoutr/YO_k200_r0,0005_ap0,8_inoutr_s113489_ss200.txt
Start date : Thu Nov 22 16:06:09 2018
End date   : Thu Nov 22 16:06:22 2018
Runtime    : 651.708
Seed size  : 200
Inf. score : 237247
-----------------------------------------------
File name  : inoutr/YO_k250_r0,0005_ap0,8_inoutr_s113489_ss250.txt
Start date : Thu Nov 22 16:06:55 2018
End date   : Thu Nov 22 16:06:55 2018
Runtime    : 3.2818
Seed size  : 0
Inf. score : 0
-----------------------------------------------
File name  : inoutr/YO_k250_r0,001_ap0,8_inoutr_s113489_ss250.txt
Start date : Thu Nov 22 16:07:31 2018
End date   : Thu Nov 22 16:07:45 2018
Runtime    : 696.398
Seed size  : 250
Inf. score : 255016
-----------------------------------------------
File name  : inoutr/YO_k300_r0,001_ap0,8_inoutr_s113489_ss300.txt
Start date : Thu Nov 22 16:08:03 2018
End date   : Thu Nov 22 16:08:17 2018
Runtime    : 720.826
Seed size  : 300
Inf. score : 270106
-----------------------------------------------
File name  : YO_k10000_e0,1_ss.txt
Start date : Fri Nov 23 17:32:37 2018
End date   : Fri Nov 23 17:33:00 2018
Runtime    : 1159.5
Seed size  : 10000
Inf. score : 598711
-----------------------------------------------
File name  : YO_k1000_e0,1_ss.txt
Start date : Sat Nov 24 17:51:32 2018
End date   : Sat Nov 24 17:51:48 2018
Runtime    : 815.757
Seed size  : 1000
Inf. score : 387572
-----------------------------------------------
File name  : YO_k2000_e0,1_ss.txt
Start date : Sat Nov 24 17:52:51 2018
End date   : Sat Nov 24 17:53:08 2018
Runtime    : 917.689
Seed size  : 2000
Inf. score : 448734
-----------------------------------------------
File name  : YO_k3000_e0,1_ss.txt
Start date : Sat Nov 24 17:53:41 2018
End date   : Sat Nov 24 17:54:00 2018
Runtime    : 979.342
Seed size  : 3000
Inf. score : 485264
-----------------------------------------------
File name  : YO_k4000_e0,1_ss.txt
Start date : Sat Nov 24 17:55:36 2018
End date   : Sat Nov 24 17:55:56 2018
Runtime    : 1025.48
Seed size  : 4000
Inf. score : 511380
-----------------------------------------------
File name  : YO_k5000_e0,1_ss.txt
Start date : Sat Nov 24 17:56:24 2018
End date   : Sat Nov 24 17:56:44 2018
Runtime    : 1055.53
Seed size  : 5000
Inf. score : 532139
-----------------------------------------------
File name  : YO_k6000_Ee0,1_ss.txt
Start date : Sat Nov 24 17:57:20 2018
End date   : Sat Nov 24 17:57:20 2018
Runtime    : 2.30039
Seed size  : 0
Inf. score : 0
-----------------------------------------------
File name  : YO_k6000_e0,1Ã_ss.txt
Start date : Sat Nov 24 17:57:47 2018
End date   : Sat Nov 24 17:57:47 2018
Runtime    : 2.11661
Seed size  : 0
Inf. score : 0
-----------------------------------------------
File name  : YO_k6000_e0,1_ss.txt
Start date : Sat Nov 24 17:58:12 2018
End date   : Sat Nov 24 17:58:33 2018
Runtime    : 1088.82
Seed size  : 6000
Inf. score : 549297
-----------------------------------------------
File name  : YO_k7000_e0,1_ss.txt
Start date : Sat Nov 24 17:59:02 2018
End date   : Sat Nov 24 17:59:24 2018
Runtime    : 1109.96
Seed size  : 7000
Inf. score : 563892
-----------------------------------------------
File name  : YO_k8000_e0,1_ss.txt
Start date : Sat Nov 24 18:00:24 2018
End date   : Sat Nov 24 18:00:46 2018
Runtime    : 1140.08
Seed size  : 8000
Inf. score : 576774
-----------------------------------------------
File name  : YO_k9000_e0,1_ss.txt
Start date : Sat Nov 24 18:01:09 2018
End date   : Sat Nov 24 18:01:32 2018
Runtime    : 1157.61
Seed size  : 9000
Inf. score : 588278
-----------------------------------------------
File name  : YO_k10000_e0,1_ss.txt
Start date : Sat Nov 24 18:02:15 2018
End date   : Sat Nov 24 18:02:37 2018
Runtime    : 1173.35
Seed size  : 10000
Inf. score : 598709
-----------------------------------------------
File name  : live_inoutr/YO_k1000_e0,1_inoutr_v1_s113489_ss995.txt
Start date : Sat Nov 24 18:09:02 2018
End date   : Sat Nov 24 18:09:18 2018
Runtime    : 834.354
Seed size  : 995
Inf. score : 386948
-----------------------------------------------
File name  : live_inoutr/YO_k2000_e0,1_inoutr_v1_s113489_ss1921.txt
Start date : Sat Nov 24 18:10:02 2018
End date   : Sat Nov 24 18:10:20 2018
Runtime    : 948.075
Seed size  : 1921
Inf. score : 444134
-----------------------------------------------
File name  : live_inoutr/YO_k3000_e0,1_inoutr_v1_s113489_ss2776.txt
Start date : Sat Nov 24 18:15:39 2018
End date   : Sat Nov 24 18:15:59 2018
Runtime    : 1018.47
Seed size  : 2776
Inf. score : 475665
-----------------------------------------------
File name  : live_inoutr/YO_k4000_e0,1_inoutr_v1_s113489_ss3545.txt
Start date : Sat Nov 24 18:16:53 2018
End date   : Sat Nov 24 18:17:13 2018
Runtime    : 1065.86
Seed size  : 3545
Inf. score : 496197
-----------------------------------------------
File name  : live_inoutr/YO_k5000_e0,1_inoutr_v1_s113489_ss4256.txt
Start date : Sat Nov 24 18:17:54 2018
End date   : Sat Nov 24 18:18:15 2018
Runtime    : 1113.31
Seed size  : 4256
Inf. score : 511299
-----------------------------------------------
File name  : live_inoutr/YO_k6000_e0,1_inoutr_v1_s113489_ss4899.txt
Start date : Sat Nov 24 18:18:53 2018
End date   : Sat Nov 24 18:19:15 2018
Runtime    : 1121.23
Seed size  : 4899
Inf. score : 522673
-----------------------------------------------
File name  : live_inoutr/YO_k7000_e0,1_inoutr_v1_s113489_ss5515.txt
Start date : Sat Nov 24 18:21:26 2018
End date   : Sat Nov 24 18:21:47 2018
Runtime    : 1143.57
Seed size  : 5515
Inf. score : 532049
-----------------------------------------------
File name  : live_inoutr/YO_k8000_e0,1_inoutr_v1_s113489_ss6085.txt
Start date : Sat Nov 24 18:23:16 2018
End date   : Sat Nov 24 18:23:38 2018
Runtime    : 1148.72
Seed size  : 6085
Inf. score : 539699
-----------------------------------------------
File name  : live_inoutr/YO_k9000_e0,1_inoutr_v1_s113489_ss6629.txt
Start date : Sat Nov 24 18:29:58 2018
End date   : Sat Nov 24 18:30:21 2018
Runtime    : 1171.58
Seed size  : 6629
Inf. score : 546258
-----------------------------------------------
File name  : live_inoutr/YO_k10000_e0,1_inoutr_v1_s113489_ss7134.txt
Start date : Sat Nov 24 18:31:37 2018
End date   : Sat Nov 24 18:31:59 2018
Runtime    : 1175.94
Seed size  : 7134
Inf. score : 551889
-----------------------------------------------
File name  : inoutr/YO_k1000_r0,01_ap0,8_inoutr_s113489_ss1000.txt
Start date : Sat Nov 24 18:44:31 2018
End date   : Sat Nov 24 18:44:48 2018
Runtime    : 841.828
Seed size  : 1000
Inf. score : 369649
-----------------------------------------------
File name  : inoutr/YO_k2000_r0,025_ap0,8_inoutr_s113489_ss2000.txt
Start date : Sat Nov 24 18:46:36 2018
End date   : Sat Nov 24 18:46:54 2018
Runtime    : 960.684
Seed size  : 2000
Inf. score : 423651
-----------------------------------------------
File name  : inoutr/YO_k3000_r0,06_ap0,8_inoutr_s113489_ss3000.txt
Start date : Sat Nov 24 18:47:39 2018
End date   : Sat Nov 24 18:47:59 2018
Runtime    : 1048.64
Seed size  : 3000
Inf. score : 454095
-----------------------------------------------
File name  : inoutr/YO_k4000_r0,09_ap0,8_inoutr_s113489_ss4000.txt
Start date : Sat Nov 24 18:49:06 2018
End date   : Sat Nov 24 18:49:27 2018
Runtime    : 1079.22
Seed size  : 4000
Inf. score : 475681
-----------------------------------------------
File name  : inoutr/YO_k5000_r0.2_ap0,8_inoutr_s113489_ss5000.txt
Start date : Sat Nov 24 18:50:10 2018
End date   : Sat Nov 24 18:50:10 2018
Runtime    : 2.27959
Seed size  : 0
Inf. score : 0
-----------------------------------------------
File name  : inoutr/YO_k5000_r0.2_ap0,8_inoutr_s113489_ss5000.txt
Start date : Sat Nov 24 18:55:05 2018
End date   : Sat Nov 24 18:55:05 2018
Runtime    : 2.27576
Seed size  : 0
Inf. score : 0
-----------------------------------------------
File name  : inoutr/YO_k5000_r0,2_ap0,8_inoutr_s113489_ss5000.txt
Start date : Sat Nov 24 18:58:27 2018
End date   : Sat Nov 24 18:58:48 2018
Runtime    : 1107.25
Seed size  : 5000
Inf. score : 490618
-----------------------------------------------
File name  : inoutr/YO_k6000_r0,2_ap0,8_inoutr_s113489_ss6000.txt
Start date : Sat Nov 24 18:59:39 2018
End date   : Sat Nov 24 19:00:01 2018
Runtime    : 1135.29
Seed size  : 6000
Inf. score : 506414
-----------------------------------------------
File name  : inoutr/YO_k7000_r0,3_ap0,8_inoutr_s113489_ss7000.txt
Start date : Sat Nov 24 19:00:50 2018
End date   : Sat Nov 24 19:01:12 2018
Runtime    : 1160.96
Seed size  : 7000
Inf. score : 517933
-----------------------------------------------
File name  : inoutr/YO_k8000_r0,3_ap0,8_inoutr_s113489_ss8000.txt
Start date : Sat Nov 24 19:01:40 2018
End date   : Sat Nov 24 19:02:02 2018
Runtime    : 1175.83
Seed size  : 8000
Inf. score : 529279
-----------------------------------------------
File name  : inoutr/YO_k9000_r0,4_ap0,8_inoutr_s113489_ss9000.txt
Start date : Sat Nov 24 19:02:40 2018
End date   : Sat Nov 24 19:03:03 2018
Runtime    : 1195.9
Seed size  : 9000
Inf. score : 537940
-----------------------------------------------
File name  : inoutr/YO_k10000_r0,5_ap0,8_inoutr_s113489_ss10000.txt
Start date : Sat Nov 24 19:03:38 2018
End date   : Sat Nov 24 19:04:02 2018
Runtime    : 1209.62
Seed size  : 10000
Inf. score : 545503
-----------------------------------------------
File name  : inoutr/YO_k1000_r0,01_ap0,5_inoutr_s113489_ss1000.txt
Start date : Mon Nov 26 13:26:19 2018
End date   : Mon Nov 26 13:26:36 2018
Runtime    : 890.847
Seed size  : 1000
Inf. score : 369637
-----------------------------------------------
File name  : inoutr/YO_k1000_r0,02_ap0,1_inoutr_s113489_ss1000.txt
Start date : Mon Nov 26 13:27:10 2018
End date   : Mon Nov 26 13:27:29 2018
Runtime    : 950.274
Seed size  : 1000
Inf. score : 370986
-----------------------------------------------
File name  : inoutr/YO_k1000_r0,01_ap0,2_inoutr_s113489_ss1000.txt
Start date : Mon Nov 26 13:38:36 2018
End date   : Mon Nov 26 13:38:55 2018
Runtime    : 923.143
Seed size  : 1000
Inf. score : 369323
-----------------------------------------------
File name  : inoutr/YO_k1000_r0,01_ap0,15_inoutr_s113489_ss1000.txt
Start date : Mon Nov 26 13:39:40 2018
End date   : Mon Nov 26 13:40:00 2018
Runtime    : 954.572
Seed size  : 1000
Inf. score : 369888
-----------------------------------------------
File name  : inoutr/YO_k1000_r0,01_ap0,12_inoutr_s113489_ss1000.txt
Start date : Mon Nov 26 13:40:40 2018
End date   : Mon Nov 26 13:41:00 2018
Runtime    : 975.457
Seed size  : 1000
Inf. score : 370048
-----------------------------------------------
File name  : inoutr/YO_k1000_r0,01_ap0,8_inoutr_s113489_ss1000.txt
Start date : Mon Nov 26 13:42:27 2018
End date   : Mon Nov 26 13:42:47 2018
Runtime    : 953.999
Seed size  : 1000
Inf. score : 369671
-----------------------------------------------
File name  : inoutr/YO_k1000_r0,01_ap0,8_inoutr_s113489_ss1000.txt
Start date : Mon Nov 26 13:43:54 2018
End date   : Mon Nov 26 13:44:13 2018
Runtime    : 888.831
Seed size  : 1000
Inf. score : 369649
-----------------------------------------------
File name  : inoutr/YO_k1000_r0,5_ap0,01_inoutr_s113489_ss1000.txt
Start date : Mon Nov 26 13:56:05 2018
End date   : Mon Nov 26 13:56:22 2018
Runtime    : 853.56
Seed size  : 1000
Inf. score : 322995
-----------------------------------------------
File name  : inoutr/YO_k1000_r0,01_ap0,8_inoutr_ss113489_ss1000.txt
Start date : Mon Nov 26 14:14:48 2018
End date   : Mon Nov 26 14:14:48 2018
Runtime    : 3.60792
Seed size  : 0
Inf. score : 0
-----------------------------------------------
File name  : inoutr/YO_k1000_r0,01_ap0,8_inoutr_s113489_ss1000.txt
Start date : Mon Nov 26 14:16:01 2018
End date   : Mon Nov 26 14:16:21 2018
Runtime    : 952.254
Seed size  : 1000
Inf. score : 369686
-----------------------------------------------
File name  : live_inoutr/YO_k1000_e0,1_inoutr_s113489_ss995.txt
Start date : Mon Nov 26 14:21:38 2018
End date   : Mon Nov 26 14:21:38 2018
Runtime    : 3.37365
Seed size  : 0
Inf. score : 0
-----------------------------------------------
File name  : live_inoutr/YO_k1000_e0,1_inoutr_v1_s113489_ss995.txt
Start date : Mon Nov 26 14:22:41 2018
End date   : Mon Nov 26 14:23:01 2018
Runtime    : 987.092
Seed size  : 995
Inf. score : 386960
-----------------------------------------------
File name  : inoutr/YO_k1000_r0,01_ap0,8_inoutr_s113489_ss1000.txt
Start date : Mon Nov 26 19:17:59 2018
End date   : Mon Nov 26 19:18:17 2018
Runtime    : 878.712
Seed size  : 1000
Inf. score : 369634
-----------------------------------------------
File name  : inoutr/YO_k1000_r5_ap0,8_inoutr_s113489_ss1000.txt
Start date : Mon Nov 26 23:21:17 2018
End date   : Mon Nov 26 23:21:20 2018
Runtime    : 141.855
Seed size  : 1000
Inf. score : 78079.7
-----------------------------------------------
File name  : inoutr/YO_k1000_r0,01_ap0,8_inoutr_s113489_ss1000.txt
Start date : Tue Nov 27 00:01:43 2018
End date   : Tue Nov 27 00:02:01 2018
Runtime    : 881.173
Seed size  : 1000
Inf. score : 369675
-----------------------------------------------
File name  : inoutr/YO_k1000_r0,01_ap1_inoutr_s113489_ss1000.txt
Start date : Tue Nov 27 00:54:37 2018
End date   : Tue Nov 27 00:54:56 2018
Runtime    : 882.749
Seed size  : 1000
Inf. score : 369619
-----------------------------------------------
File name  : inoutr/YO_k1000_r0,01_ap0,98_inoutr_s113489_ss408.txt
Start date : Tue Nov 27 01:02:01 2018
End date   : Tue Nov 27 01:02:15 2018
Runtime    : 776.253
Seed size  : 408
Inf. score : 301645
-----------------------------------------------
File name  : inoutr/YO_k1000_r0,04_ap0,98_inoutr_s113489_ss776.txt
Start date : Tue Nov 27 01:04:24 2018
End date   : Tue Nov 27 01:04:42 2018
Runtime    : 893.049
Seed size  : 776
Inf. score : 351608
-----------------------------------------------
File name  : inoutr/YO_k1000_r0,07_ap0,98_inoutr_s113489_ss956.txt
Start date : Tue Nov 27 01:05:07 2018
End date   : Tue Nov 27 01:05:27 2018
Runtime    : 967.281
Seed size  : 956
Inf. score : 367473
-----------------------------------------------
File name  : inoutr/YO_k1000_r0,07_ap0,98_inoutr_s113489_ss956.txt
Start date : Tue Nov 27 01:05:57 2018
End date   : Tue Nov 27 01:06:17 2018
Runtime    : 976.609
Seed size  : 956
Inf. score : 367486
-----------------------------------------------
File name  : inoutr/YO_k1000_r0,07_ap0,99_inoutr_s113489_ss1000.txt
Start date : Tue Nov 27 01:07:40 2018
End date   : Tue Nov 27 01:07:59 2018
Runtime    : 976.092
Seed size  : 1000
Inf. score : 371776
-----------------------------------------------
File name  : inoutr/YO_k1000_r0,07_ap1_inoutr_s113489_ss1000.txt
Start date : Tue Nov 27 01:08:31 2018
End date   : Tue Nov 27 01:08:50 2018
Runtime    : 946.815
Seed size  : 1000
Inf. score : 356268
-----------------------------------------------
File name  : inoutr/YO_k1000_r0,08_ap0,98_inoutr_s113489_ss1000.txt
Start date : Tue Nov 27 01:09:57 2018
End date   : Tue Nov 27 01:10:17 2018
Runtime    : 977.053
Seed size  : 1000
Inf. score : 370569
-----------------------------------------------
File name  : inoutr/YO_k1000_r0,17_ap0,98_inoutr_s113489_ss1000.txt
Start date : Tue Nov 27 10:22:12 2018
End date   : Tue Nov 27 10:22:27 2018
Runtime    : 802.219
Seed size  : 1000
Inf. score : 364443
-----------------------------------------------
File name  : inoutr/YO_k1000_r0,16_ap0,98_inoutr_s113489_ss1000.txt
Start date : Tue Nov 27 10:23:03 2018
End date   : Tue Nov 27 10:23:22 2018
Runtime    : 902.672
Seed size  : 1000
Inf. score : 366520
-----------------------------------------------
File name  : inoutr/YO_k1000_r0,155_ap0,98_inoutr_s113489_ss1000.txt
Start date : Tue Nov 27 10:24:33 2018
End date   : Tue Nov 27 10:24:51 2018
Runtime    : 903.411
Seed size  : 1000
Inf. score : 367249
-----------------------------------------------
File name  : inoutr/YO_k1000_r0,1_ap0,98_inoutr_s113489_ss1000.txt
Start date : Tue Nov 27 14:30:54 2018
End date   : Tue Nov 27 14:31:09 2018
Runtime    : 794.856
Seed size  : 1000
Inf. score : 369054
-----------------------------------------------
File name  : inoutr/YO_k1000_r0,01_ap0,98_inoutr_s113489_ss1000.txt
Start date : Tue Nov 27 14:58:27 2018
End date   : Tue Nov 27 14:58:41 2018
Runtime    : 760.555
Seed size  : 1000
Inf. score : 340701
-----------------------------------------------
File name  : inoutr/YO_k1000_r0,01_ap0,8_inoutr_s113489_ss1000.txt
Start date : Wed Nov 28 15:07:30 2018
End date   : Wed Nov 28 15:07:47 2018
Runtime    : 789.854
Seed size  : 1000
Inf. score : 346812
-----------------------------------------------
File name  : inoutr/YO_k1000_r0,01_ap0,98_inoutr_s113489_ss1000.txt
Start date : Wed Nov 28 15:09:08 2018
End date   : Wed Nov 28 15:09:26 2018
Runtime    : 869.922
Seed size  : 1000
Inf. score : 354987
-----------------------------------------------
File name  : inoutr/YO_k1000_r0,0005_ap0,8_inoutr_s113489_ss1000.txt
Start date : Wed Nov 28 15:12:46 2018
End date   : Wed Nov 28 15:13:00 2018
Runtime    : 749.69
Seed size  : 1000
Inf. score : 347486
-----------------------------------------------
File name  : inoutr/YO_k1000_r0,09_ap0,98_inoutr_s113489_ss1000.txt
Start date : Wed Nov 28 15:32:58 2018
End date   : Wed Nov 28 15:33:16 2018
Runtime    : 837.26
Seed size  : 1000
Inf. score : 370471
-----------------------------------------------
File name  : inoutr/YO_k1000_r0,085_ap0,98_inoutr_s113489_ss987.txt
Start date : Wed Nov 28 15:34:16 2018
End date   : Wed Nov 28 15:34:34 2018
Runtime    : 862.41
Seed size  : 987
Inf. score : 369643
-----------------------------------------------
File name  : ../../data/youtube/rtim/live/inoutr/YO_k1000_r0,01_ap0,8_inoutr_v1_s113489_ss1183.txt
Start date : Wed Jan  9 14:09:01 2019
End date   : Wed Jan  9 14:09:19 2019
Runtime    : 13.6373
Seed size  : 1183
Inf. score : 382536
-----------------------------------------------
File name  : ../../data/youtube/rtim/live/inoutr/YO_k1000_r0,01_ap0,8_inoutr_v1_s113489_ss1183.txt
Start date : Wed Jan  9 14:30:06 2019
End date   : Wed Jan  9 14:30:23 2019
Runtime    : -699.032
Seed size  : 1183
Inf. score : 382549
-----------------------------------------------
File name  : ../../data/youtube/rtim/live/inoutr/YO_k1000_r0,01_ap0,8_inoutr_v1_s113489_ss1183.txt
Start date : Wed Jan  9 14:36:16 2019
End date   : Wed Jan  9 14:36:33 2019
Runtime    : -696.935
Seed size  : 1183
Inf. score : 382551
-----------------------------------------------
File name  : ../../data/youtube/rtim/live/inoutr/YO_k1000_r0,01_ap0,8_inoutr_v1_s113489_ss1183.txt
Start date : Wed Jan  9 15:01:37 2019
End date   : Wed Jan  9 15:01:54 2019
Runtime    : -702.781
Seed size  : 1183
Inf. score : 382535
-----------------------------------------------
File name  : ../../data/youtube/rtim/live/inoutr/v1/YO_k1000_r0,01_ap0,8_inoutr_v1_s113489_ss1000.txt
Start date : Wed Jan 23 19:37:14 2019
End date   : Wed Jan 23 19:37:31 2019
Runtime    : 12566.6
Seed size  : 1000
Inf. score : 369627
-----------------------------------------------
File name  : ../../data/youtube/rtim/live/inoutr/v1/YO_k2000_r0,025_ap0,8_inoutr_v1_s113489_ss2000.txt
Start date : Thu Jan 24 10:16:50 2019
End date   : Thu Jan 24 10:17:10 2019
Runtime    : 30865.4
Seed size  : 2000
Inf. score : 423651
-----------------------------------------------
File name  : ../../data/youtube/rtim/live/inoutr/v1/YO_k3000_r0,06_ap0,8_inoutr_v1_s113489_ss3000.txt
Start date : Thu Jan 24 10:44:22 2019
End date   : Thu Jan 24 10:44:43 2019
Runtime    : 48641.9
Seed size  : 3000
Inf. score : 454075
-----------------------------------------------
File name  : ../../data/youtube/rtim/live/inoutr/v1/YO_k4000_r0,09_ap0,8_inoutr_v1_s113489_ss4000.txt
Start date : Thu Jan 24 11:10:50 2019
End date   : Thu Jan 24 11:11:13 2019
Runtime    : 67031.5
Seed size  : 4000
Inf. score : 475689
-----------------------------------------------
File name  : ../../data/youtube/rtim/live/inoutr/v1/YO_k5000_r0,2_ap0,8_inoutr_v1_s113489_ss5000.txt
Start date : Thu Jan 24 11:55:14 2019
End date   : Thu Jan 24 11:55:38 2019
Runtime    : 84340.6
Seed size  : 5000
Inf. score : 490629
-----------------------------------------------
File name  : ../../data/youtube/rtim/live/inoutr/v1/YO_k6000_r0,2_ap0,8_inoutr_v1_s113489_ss6000.txt
Start date : Thu Jan 24 13:19:20 2019
End date   : Thu Jan 24 13:19:44 2019
Runtime    : 103452
Seed size  : 6000
Inf. score : 506389
-----------------------------------------------
File name  : ../../data/youtube/rtim/live/inoutr/v1/YO_k10000_r0,5_ap0,8_inoutr_v1_s113489_ss10000.txt
Start date : Thu Jan 24 16:38:43 2019
End date   : Thu Jan 24 16:39:09 2019
Runtime    : 174483
Seed size  : 10000
Inf. score : 545511
-----------------------------------------------
File name  : ../../data/youtube/rtim/live/inoutr/v1/YO_k20000_r0,5_ap0,8_inoutr_v1_s113489_ss10734.txt
Start date : Tue Jan 29 00:02:43 2019
End date   : Tue Jan 29 00:03:09 2019
Runtime    : 115308
Seed size  : 10734
Inf. score : 552065
-----------------------------------------------
File name  : ../../data/youtube/rtim/live/inoutr/v1/YO_k20000_r1_ap0,8_inoutr_v1_s113489_ss15148.txt
Start date : Tue Jan 29 01:03:21 2019
End date   : Tue Jan 29 01:03:48 2019
Runtime    : 164953
Seed size  : 15148
Inf. score : 577609
-----------------------------------------------
File name  : ../../data/youtube/rtim/live/inoutr/v1/YO_k20000_r2_ap0,8_inoutr_v1_s113489_ss20000.txt
Start date : Tue Jan 29 09:11:38 2019
End date   : Tue Jan 29 09:12:06 2019
Runtime    : -240.589
Seed size  : 20000
Inf. score : 597223
-----------------------------------------------
File name  : ../../data/youtube/rtim/live/inoutr/v1/YO_k20000_r2_ap0,8_inoutr_v1_s113489_ss20000.txt
Start date : Tue Jan 29 10:32:41 2019
End date   : Tue Jan 29 10:33:09 2019
Runtime    : 221990
Seed size  : 20000
Inf. score : 597219
-----------------------------------------------
File name  : ../../data/youtube/rtim/live/inoutr/v1/YO_k10000_r0,3_ap0,8_inoutr_v1_s113489_ss8144.txt
Start date : Tue Jan 29 14:59:27 2019
End date   : Tue Jan 29 14:59:51 2019
Runtime    : 82247.5
Seed size  : 8144
Inf. score : 530770
-----------------------------------------------
File name  : ../../data/youtube/rtim/live/inoutr/v1/YO_k10000_r0,4_ap0,8_inoutr_v1_s113489_ss9486.txt
Start date : Tue Jan 29 15:38:13 2019
End date   : Tue Jan 29 15:38:38 2019
Runtime    : 97520.1
Seed size  : 9486
Inf. score : 542683
-----------------------------------------------
File name  : ../../data/youtube/rtim/live/urr/v1/YO_k10000_r0,5_ap0,8_urr_v1_s113489_ss591.txt
Start date : Wed Jan 30 14:55:23 2019
End date   : Wed Jan 30 14:55:29 2019
Runtime    : -223.137
Seed size  : 591
Inf. score : 105703
-----------------------------------------------
File name  : ../../data/youtube/rtim/live/urr/v1/YO_k10000_r2_ap0,8_urr_v1_s113489_ss2247.txt
Start date : Wed Jan 30 14:59:23 2019
End date   : Wed Jan 30 14:59:33 2019
Runtime    : 5219.68
Seed size  : 2247
Inf. score : 144108
-----------------------------------------------
File name  : ../../data/youtube/rtim/live/urr/v1/YO_k10000_r5_ap0,8_urr_v1_s113489_ss5576.txt
Start date : Wed Jan 30 15:07:02 2019
End date   : Wed Jan 30 15:07:14 2019
Runtime    : 18525.1
Seed size  : 5576
Inf. score : 175502
-----------------------------------------------
File name  : ../../data/youtube/rtim/live/inoutr/v1/YO_k30000_r5_ap0,8_inoutr_v1_s113489_ss30000.txt
Start date : Thu Jan 31 16:10:36 2019
End date   : Thu Jan 31 16:11:01 2019
Runtime    : -187.714
Seed size  : 30000
Inf. score : 628456
-----------------------------------------------
File name  : ../../data/youtube/rtim/live/inoutr/v1/YO_k30000_r5_ap0,8_inoutr_v1_s113489_ss30000.txt
Start date : Thu Jan 31 19:05:30 2019
End date   : Thu Jan 31 19:06:00 2019
Runtime    : 359966
Seed size  : 30000
Inf. score : 628443
-----------------------------------------------
File name  : ../../data/youtube/rtim/live/inoutr/v1/YO_k3000_r0,5_ap0,8_inoutr_v1_s113489_ss137.txt
Start date : Fri Feb  1 15:14:38 2019
End date   : Fri Feb  1 15:14:39 2019
Runtime    : -1364.29
Seed size  : 137
Inf. score : 53956.6
-----------------------------------------------
File name  : ../../data/youtube/rtim/live/inoutr/v1/YO_k3000_r0,5_ap0,8_inoutr_v1_s113489_ss1578.txt
Start date : Fri Feb  1 16:32:03 2019
End date   : Fri Feb  1 16:32:21 2019
Runtime    : 9999.53
Seed size  : 1578
Inf. score : 363873
-----------------------------------------------
File name  : ../../data/youtube/rtim/live/inoutr/v1/YO_k3000_r1,5_ap0,8_inoutr_v1_s113489_ss2916.txt
Start date : Fri Feb  1 16:37:24 2019
End date   : Fri Feb  1 16:37:43 2019
Runtime    : -603.064
Seed size  : 2916
Inf. score : 387058
-----------------------------------------------
File name  : ../../data/youtube/rtim/live/inoutr/v1/YO_k3000_r10_ap0,8_inoutr_v1_s113489_ss3000.txt
Start date : Fri Feb  1 16:40:20 2019
End date   : Fri Feb  1 16:40:35 2019
Runtime    : -729.376
Seed size  : 3000
Inf. score : 329082
-----------------------------------------------
File name  : ../../data/youtube/rtim/live/inoutr/v1/YO_k3000_r1,5_ap0,5_inoutr_v1_s113489_ss2063.txt
Start date : Fri Feb  1 16:44:15 2019
End date   : Fri Feb  1 16:44:32 2019
Runtime    : -710.551
Seed size  : 2063
Inf. score : 331859
-----------------------------------------------
File name  : ../../data/youtube/rtim/live/inoutr/v1/YO_k3000_r2_ap0,5_inoutr_v1_s113489_ss2451.txt
Start date : Fri Feb  1 16:47:04 2019
End date   : Fri Feb  1 16:47:20 2019
Runtime    : -705.036
Seed size  : 2451
Inf. score : 337363
-----------------------------------------------
File name  : ../../data/youtube/rtim/live/inoutr/v1/YO_k3000_r3_ap0,5_inoutr_v1_s113489_ss3000.txt
Start date : Fri Feb  1 16:48:19 2019
End date   : Fri Feb  1 16:48:36 2019
Runtime    : -690.626
Seed size  : 3000
Inf. score : 342578
-----------------------------------------------
File name  : ../../data/youtube/rtim/live/inoutr/v1/YO_k3000_r3_ap0,6_inoutr_v1_s113489_ss3000.txt
Start date : Fri Feb  1 16:49:34 2019
End date   : Fri Feb  1 16:49:51 2019
Runtime    : -706.095
Seed size  : 3000
Inf. score : 353085
-----------------------------------------------
File name  : ../../data/youtube/rtim/live/inoutr/v1/YO_k3000_r3_ap0,7_inoutr_v1_s113489_ss3000.txt
Start date : Fri Feb  1 16:50:49 2019
End date   : Fri Feb  1 16:51:06 2019
Runtime    : -662.799
Seed size  : 3000
Inf. score : 358998
-----------------------------------------------
File name  : ../../data/youtube/rtim/live/inoutr/v1/YO_k3000_r5_ap0,5_inoutr_v1_s113489_ss3000.txt
Start date : Fri Feb  1 16:52:07 2019
End date   : Fri Feb  1 16:52:24 2019
Runtime    : 1162.71
Seed size  : 3000
Inf. score : 326008
-----------------------------------------------
File name  : ../../data/youtube/rtim/live/inoutr/v1/YO_k10000_r10_ap0,6_inoutr_v1_s113489_ss7880.txt
Start date : Fri Feb  1 16:56:22 2019
End date   : Fri Feb  1 16:56:42 2019
Runtime    : -585.712
Seed size  : 7880
Inf. score : 388346
-----------------------------------------------
File name  : ../../data/youtube/rtim/live/inoutr/v1/YO_k10000_r15_ap0,7_inoutr_v1_s113489_ss10000.txt
Start date : Fri Feb  1 16:58:27 2019
End date   : Fri Feb  1 16:58:47 2019
Runtime    : -569.608
Seed size  : 10000
Inf. score : 406276
-----------------------------------------------
File name  : ../../data/youtube/rtim/live/inoutr/v1/YO_k10000_r0,5_ap0,8_inoutr_v1_s113489_ss10000.txt
Start date : Mon Feb  4 16:16:51 2019
End date   : Mon Feb  4 16:17:15 2019
Runtime    : -355.258
Seed size  : 10000
Inf. score : 545518
-----------------------------------------------
File name  : ../../data/youtube/rtim/live/inoutr/v1/YO_k10000_r0,5_ap0,8_inoutr_v1_s113489_ss10000.txt
Start date : Mon Feb  4 16:19:22 2019
End date   : Mon Feb  4 16:19:47 2019
Runtime    : -362.095
Seed size  : 10000
Inf. score : 545498
-----------------------------------------------
File name  : ../../data/youtube/rtim/live/inoutr/v1/YO_k10000_r0,45_ap0,8_inoutr_v1_s113489_ss10000.txt
Start date : Mon Feb  4 16:22:18 2019
End date   : Mon Feb  4 16:22:45 2019
Runtime    : -314.861
Seed size  : 10000
Inf. score : 546293
-----------------------------------------------
File name  : ../../data/youtube/rtim/live/inoutr/v1/YO_k10000_r0,5_ap0,7_inoutr_v1_s113489_ss10000.txt
Start date : Mon Feb  4 16:23:39 2019
End date   : Mon Feb  4 16:24:05 2019
Runtime    : 2149.96
Seed size  : 10000
Inf. score : 545497
-----------------------------------------------
File name  : ../../data/youtube/rtim/live/inoutr/v1/YO_k10000_r0,5_ap0,6_inoutr_v1_s113489_ss10000.txt
Start date : Mon Feb  4 16:31:51 2019
End date   : Mon Feb  4 16:32:18 2019
Runtime    : -338.516
Seed size  : 10000
Inf. score : 546038
-----------------------------------------------
File name  : ../../data/youtube/rtim/live/inoutr/v1/YO_k10000_r0,5_ap0,5_inoutr_v1_s113489_ss10000.txt
Start date : Mon Feb  4 16:33:05 2019
End date   : Mon Feb  4 16:33:31 2019
Runtime    : 2057.39
Seed size  : 10000
Inf. score : 549948
-----------------------------------------------
File name  : ../../data/youtube/rtim/live/inoutr/v1/YO_k10000_r0,5_ap0,3_inoutr_v1_s113489_ss7581.txt
Start date : Mon Feb  4 16:34:42 2019
End date   : Mon Feb  4 16:35:07 2019
Runtime    : 4484.2
Seed size  : 7581
Inf. score : 535968
-----------------------------------------------
File name  : ../../data/youtube/rtim/live/inoutr/v1/YO_k10000_r0,5_ap0,2_inoutr_v1_s113489_ss5991.txt
Start date : Mon Feb  4 16:36:00 2019
End date   : Mon Feb  4 16:36:24 2019
Runtime    : 6922.83
Seed size  : 5991
Inf. score : 519307
-----------------------------------------------
File name  : ../../data/youtube/rtim/live/inoutr/v1/YO_k10000_r0,7_ap0,3_inoutr_v1_s113489_ss8627.txt
Start date : Mon Feb  4 16:37:28 2019
End date   : Mon Feb  4 16:37:54 2019
Runtime    : 9435.27
Seed size  : 8627
Inf. score : 546822
-----------------------------------------------
File name  : ../../data/youtube/rtim/live/inoutr/v1/YO_k10000_r0,9_ap0,3_inoutr_v1_s113489_ss9539.txt
Start date : Mon Feb  4 16:38:49 2019
End date   : Mon Feb  4 16:39:16 2019
Runtime    : 11942.2
Seed size  : 9539
Inf. score : 555052
-----------------------------------------------
File name  : ../../data/youtube/rtim/live/inoutr/v1/YO_k10000_r1_ap0,3_inoutr_v1_s113489_ss9954.txt
Start date : Mon Feb  4 16:46:21 2019
End date   : Mon Feb  4 16:46:47 2019
Runtime    : 13208
Seed size  : 9954
Inf. score : 558426
-----------------------------------------------
File name  : ../../data/youtube/rtim/live/inoutr/v1/YO_k10000_r1,3_ap0,3_inoutr_v1_s113489_ss10000.txt
Start date : Mon Feb  4 16:47:23 2019
End date   : Mon Feb  4 16:47:49 2019
Runtime    : 14483.3
Seed size  : 10000
Inf. score : 553605
-----------------------------------------------
File name  : ../../data/youtube/rtim/live/inoutr/v1/YO_k10000_r1,1_ap0,3_inoutr_v1_s113489_ss10000.txt
Start date : Mon Feb  4 16:48:20 2019
End date   : Mon Feb  4 16:48:47 2019
Runtime    : 15761.3
Seed size  : 10000
Inf. score : 556916
-----------------------------------------------
