IMM
 - epsilon = 0.1
 - size = 50
RTIM
 - reach = 0.025
 - ap = 0.8
 - size = 50
STREAM
 - model = uniform_rand_repeat
 - version = 1
 - size = 1000000
(IMM ∩ Stream) size = 23
(IMM ∩ RTIM) size = 4
((IMM ∩ Stream) \ RTIM) size = 19
----------------------------------------------------
IMM
 - epsilon = 0.1
 - size = 100
RTIM
 - reach = 0.025
 - ap = 0.8
 - size = 100
STREAM
 - model = uniform_rand_repeat
 - version = 1
 - size = 1000000
(IMM ∩ Stream) size = 54
(IMM ∩ RTIM) size = 23
((IMM ∩ Stream) \ RTIM) size = 31
----------------------------------------------------
IMM
 - epsilon = 0.1
 - size = 150
RTIM
 - reach = 0.025
 - ap = 0.8
 - size = 150
STREAM
 - model = uniform_rand_repeat
 - version = 1
 - size = 1000000
(IMM ∩ Stream) size = 87
(IMM ∩ RTIM) size = 55
((IMM ∩ Stream) \ RTIM) size = 32
----------------------------------------------------
IMM
 - epsilon = 0.1
 - size = 200
RTIM
 - reach = 0.025
 - ap = 0.8
 - size = 200
STREAM
 - model = uniform_rand_repeat
 - version = 1
 - size = 1000000
(IMM ∩ Stream) size = 120
(IMM ∩ RTIM) size = 90
((IMM ∩ Stream) \ RTIM) size = 30
----------------------------------------------------
IMM
 - epsilon = 0.1
 - size = 250
RTIM
 - reach = 0.025
 - ap = 0.8
 - size = 250
STREAM
 - model = uniform_rand_repeat
 - version = 1
 - size = 1000000
(IMM ∩ Stream) size = 153
(IMM ∩ RTIM) size = 134
((IMM ∩ Stream) \ RTIM) size = 19
----------------------------------------------------
IMM
 - epsilon = 0.1
 - size = 300
RTIM
 - reach = 0.05
 - ap = 0.8
 - size = 300
STREAM
 - model = uniform_rand_repeat
 - version = 1
 - size = 1000000
(IMM ∩ Stream) size = 185
(IMM ∩ RTIM) size = 126
((IMM ∩ Stream) \ RTIM) size = 59
----------------------------------------------------
IMM
 - epsilon = 0.1
 - size = 50
RTIM
 - reach = 0.0005
 - ap = 0.8
 - size = 50
STREAM
 - model = inNOut_repeat
 - version = 1
 - size = 113489
(IMM ∩ Stream) size = 50
(IMM ∩ RTIM) size = 37
((IMM ∩ Stream) \ RTIM) size = 13
----------------------------------------------------
IMM
 - epsilon = 0.1
 - size = 100
RTIM
 - reach = 0.0005
 - ap = 0.8
 - size = 100
STREAM
 - model = inNOut_repeat
 - version = 1
 - size = 113489
(IMM ∩ Stream) size = 100
(IMM ∩ RTIM) size = 75
((IMM ∩ Stream) \ RTIM) size = 25
----------------------------------------------------
IMM
 - epsilon = 0.1
 - size = 150
RTIM
 - reach = 0.0005
 - ap = 0.8
 - size = 150
STREAM
 - model = inNOut_repeat
 - version = 1
 - size = 113489
(IMM ∩ Stream) size = 150
(IMM ∩ RTIM) size = 116
((IMM ∩ Stream) \ RTIM) size = 34
----------------------------------------------------
IMM
 - epsilon = 0.1
 - size = 200
RTIM
 - reach = 0.0005
 - ap = 0.8
 - size = 200
STREAM
 - model = inNOut_repeat
 - version = 1
 - size = 113489
(IMM ∩ Stream) size = 200
(IMM ∩ RTIM) size = 146
((IMM ∩ Stream) \ RTIM) size = 54
----------------------------------------------------
IMM
 - epsilon = 0.1
 - size = 250
RTIM
 - reach = 0.001
 - ap = 0.8
 - size = 250
STREAM
 - model = inNOut_repeat
 - version = 1
 - size = 113489
(IMM ∩ Stream) size = 250
(IMM ∩ RTIM) size = 186
((IMM ∩ Stream) \ RTIM) size = 64
----------------------------------------------------
IMM
 - epsilon = 0.1
 - size = 300
RTIM
 - reach = 0.001
 - ap = 0.8
 - size = 300
STREAM
 - model = inNOut_repeat
 - version = 1
 - size = 113489
(IMM ∩ Stream) size = 300
(IMM ∩ RTIM) size = 227
((IMM ∩ Stream) \ RTIM) size = 73
----------------------------------------------------
