File name       : YO_k800_r1_ap0,8_urr_v1_s1134890_ss0.txt
Start date      : Wed Nov 14 14:53:28 2018
End date        : Wed Nov 14 14:53:36 2018
Duration        : 1.072553 seconds
Max update time : 0.000000 seconds
----------------------------------------------------
File name       : YO_k800_r10_ap0,8_urr_v1_s1134890_ss0.txt
Start date      : Wed Nov 14 14:55:05 2018
End date        : Wed Nov 14 14:55:13 2018
Duration        : 1.062786 seconds
Max update time : 0.000000 seconds
----------------------------------------------------
File name       : YO_k800_r20_ap0,8_urr_v1_s1134890_ss0.txt
Start date      : Wed Nov 14 14:55:36 2018
End date        : Wed Nov 14 14:55:45 2018
Duration        : 1.060215 seconds
Max update time : 0.000000 seconds
----------------------------------------------------
File name       : YO_k800_r90_ap0,8_urr_v1_s1134890_ss0.txt
Start date      : Wed Nov 14 14:56:43 2018
End date        : Wed Nov 14 14:56:51 2018
Duration        : 1.061406 seconds
Max update time : 0.000000 seconds
----------------------------------------------------
File name       : YO_k800_r1_ap0,8_urr_v1_s1000000_ss800.txt
Start date      : Wed Nov 14 14:57:15 2018
End date        : Wed Nov 14 14:57:23 2018
Duration        : 1.091802 seconds
Max update time : 0.000103 seconds
----------------------------------------------------
File name       : YO_k800_r0,5_ap0,8_urr_v1_s1000000_ss800.txt
Start date      : Wed Nov 14 14:57:42 2018
End date        : Wed Nov 14 14:57:50 2018
Duration        : 1.104788 seconds
Max update time : 0.000101 seconds
----------------------------------------------------
File name       : YO_k800_r0,25_ap0,8_urr_v1_s1000000_ss800.txt
Start date      : Wed Nov 14 14:58:44 2018
End date        : Wed Nov 14 14:58:52 2018
Duration        : 1.128550 seconds
Max update time : 0.000118 seconds
----------------------------------------------------
File name       : YO_k800_r0,1_ap0,8_urr_v1_s1000000_ss800.txt
Start date      : Wed Nov 14 14:59:09 2018
End date        : Wed Nov 14 14:59:18 2018
Duration        : 1.195783 seconds
Max update time : 0.000110 seconds
----------------------------------------------------
File name       : YO_k800_r0,05_ap0,8_urr_v1_s1000000_ss522.txt
Start date      : Wed Nov 14 14:59:34 2018
End date        : Wed Nov 14 14:59:42 2018
Duration        : 1.216865 seconds
Max update time : 0.000112 seconds
----------------------------------------------------
File name       : YO_k800_r0,025_ap0,8_urr_v1_s1000000_ss262.txt
Start date      : Wed Nov 14 15:00:01 2018
End date        : Wed Nov 14 15:00:09 2018
Duration        : 1.207620 seconds
Max update time : 0.000109 seconds
----------------------------------------------------
File name       : YO_k800_r0,01_ap0,8_urr_v1_s1000000_ss106.txt
Start date      : Wed Nov 14 15:00:38 2018
End date        : Wed Nov 14 15:00:46 2018
Duration        : 1.201594 seconds
Max update time : 0.000115 seconds
----------------------------------------------------
File name       : YO_k800_r1_ap0,8_urr_v2_s1000000_ss800.txt
Start date      : Wed Nov 14 15:01:29 2018
End date        : Wed Nov 14 15:01:37 2018
Duration        : 1.091626 seconds
Max update time : 0.000065 seconds
----------------------------------------------------
File name       : YO_k800_r0,5_ap0,8_urr_v2_s1134890_ss0.txt
Start date      : Wed Nov 14 15:01:56 2018
End date        : Wed Nov 14 15:02:04 2018
Duration        : 1.061306 seconds
Max update time : 0.000000 seconds
----------------------------------------------------
File name       : YO_k800_r0,5_ap0,8_urr_v2_s1000000_ss800.txt
Start date      : Wed Nov 14 15:02:21 2018
End date        : Wed Nov 14 15:02:29 2018
Duration        : 1.102749 seconds
Max update time : 0.000059 seconds
----------------------------------------------------
File name       : YO_k800_r0,25_ap0,8_urr_v2_s1000000_ss800.txt
Start date      : Wed Nov 14 15:02:45 2018
End date        : Wed Nov 14 15:02:53 2018
Duration        : 1.127874 seconds
Max update time : 0.000060 seconds
----------------------------------------------------
File name       : YO_k800_r0,1_ap0,8_urr_v2_s1000000_ss800.txt
Start date      : Wed Nov 14 15:03:40 2018
End date        : Wed Nov 14 15:03:48 2018
Duration        : 1.197841 seconds
Max update time : 0.000090 seconds
----------------------------------------------------
File name       : YO_k800_r0,05_ap0,8_urr_v2_s1000000_ss480.txt
Start date      : Wed Nov 14 15:04:07 2018
End date        : Wed Nov 14 15:04:15 2018
Duration        : 1.212088 seconds
Max update time : 0.000088 seconds
----------------------------------------------------
File name       : YO_k800_r0,025_ap0,8_urr_v2_s1000000_ss259.txt
Start date      : Wed Nov 14 15:04:29 2018
End date        : Wed Nov 14 15:04:37 2018
Duration        : 1.205177 seconds
Max update time : 0.000088 seconds
----------------------------------------------------
File name       : YO_k800_r0,01_ap0,8_urr_v2_s1000000_ss99.txt
Start date      : Wed Nov 14 15:04:51 2018
End date        : Wed Nov 14 15:05:00 2018
Duration        : 1.190942 seconds
Max update time : 0.000089 seconds
----------------------------------------------------
File name       : YO_k800_r1_ap0,8_inoutr_s113489_ss800.txt
Start date      : Mon Nov 19 18:05:45 2018
End date        : Mon Nov 19 18:05:45 2018
Duration        : 0.020120 seconds
Max update time : 0.000203 seconds
----------------------------------------------------
File name       : YO_k800_r0,5_ap0,8_inoutr_s113489_ss800.txt
Start date      : Mon Nov 19 18:07:27 2018
End date        : Mon Nov 19 18:07:27 2018
Duration        : 0.030586 seconds
Max update time : 0.000315 seconds
----------------------------------------------------
File name       : YO_k800_r0,25_ap0,8_inoutr_s113489_ss800.txt
Start date      : Mon Nov 19 18:07:42 2018
End date        : Mon Nov 19 18:07:42 2018
Duration        : 0.029364 seconds
Max update time : 0.000230 seconds
----------------------------------------------------
File name       : YO_k800_r0,1_ap0,8_inoutr_s113489_ss800.txt
Start date      : Mon Nov 19 18:08:02 2018
End date        : Mon Nov 19 18:08:02 2018
Duration        : 0.033995 seconds
Max update time : 0.000300 seconds
----------------------------------------------------
File name       : YO_k800_r0,05_ap0,8_inoutr_s113489_ss800.txt
Start date      : Mon Nov 19 18:09:12 2018
End date        : Mon Nov 19 18:09:12 2018
Duration        : 0.037015 seconds
Max update time : 0.000307 seconds
----------------------------------------------------
File name       : YO_k800_r0,025_ap0,8_inoutr_s113489_ss800.txt
Start date      : Mon Nov 19 18:09:46 2018
End date        : Mon Nov 19 18:09:46 2018
Duration        : 0.038531 seconds
Max update time : 0.000303 seconds
----------------------------------------------------
File name       : YO_k800_r0,01_ap0,8_inoutr_s113489_ss800.txt
Start date      : Mon Nov 19 18:10:19 2018
End date        : Mon Nov 19 18:10:19 2018
Duration        : 0.047366 seconds
Max update time : 0.000261 seconds
----------------------------------------------------
File name       : YO_k800_r0,005_ap0,8_inoutr_s113489_ss746.txt
Start date      : Mon Nov 19 18:11:06 2018
End date        : Mon Nov 19 18:11:06 2018
Duration        : 0.059069 seconds
Max update time : 0.000264 seconds
----------------------------------------------------
File name       : YO_k800_r0,0025_ap0,8_inoutr_s113489_ss529.txt
Start date      : Mon Nov 19 18:11:31 2018
End date        : Mon Nov 19 18:11:31 2018
Duration        : 0.052931 seconds
Max update time : 0.000309 seconds
----------------------------------------------------
File name       : YO_k800_r0,001_ap0,8_inoutr_s113489_ss313.txt
Start date      : Mon Nov 19 18:11:56 2018
End date        : Mon Nov 19 18:11:56 2018
Duration        : 0.045879 seconds
Max update time : 0.000275 seconds
----------------------------------------------------
File name       : YO_k800_r0,0005_ap0,8_inoutr_s113489_ss212.txt
Start date      : Mon Nov 19 18:12:27 2018
End date        : Mon Nov 19 18:12:27 2018
Duration        : 0.044120 seconds
Max update time : 0.000312 seconds
----------------------------------------------------
File name       : YO_k10000_r1_ap0,8_inoutr_s113489_ss10000.txt
Start date      : Wed Nov 21 16:34:19 2018
End date        : Wed Nov 21 16:34:19 2018
Duration        : 0.142097 seconds
Max update time : 0.000172 seconds
----------------------------------------------------
File name       : YO_k10000_r0,5_ap0,8_inoutr_s113489_ss10000.txt
Start date      : Wed Nov 21 16:35:05 2018
End date        : Wed Nov 21 16:35:05 2018
Duration        : 0.183737 seconds
Max update time : 0.000274 seconds
----------------------------------------------------
File name       : YO_k10000_r0,01_ap0,8_inoutr_s113489_ss1183.txt
Start date      : Wed Nov 21 16:37:32 2018
End date        : Wed Nov 21 16:37:32 2018
Duration        : 0.045288 seconds
Max update time : 0.000183 seconds
----------------------------------------------------
File name       : YO_k10000_r0,025_ap0,8_inoutr_s113489_ss2036.txt
Start date      : Wed Nov 21 16:37:56 2018
End date        : Wed Nov 21 16:37:56 2018
Duration        : 0.079188 seconds
Max update time : 0.000247 seconds
----------------------------------------------------
File name       : YO_k10000_r0,05_ap0,8_inoutr_s113489_ss3015.txt
Start date      : Wed Nov 21 17:40:18 2018
End date        : Wed Nov 21 17:40:18 2018
Duration        : 0.067797 seconds
Max update time : 0.000144 seconds
----------------------------------------------------
File name       : YO_k10000_r0,06_ap0,8_inoutr_s113489_ss3337.txt
Start date      : Wed Nov 21 17:41:04 2018
End date        : Wed Nov 21 17:41:04 2018
Duration        : 0.106114 seconds
Max update time : 0.000284 seconds
----------------------------------------------------
File name       : YO_k10000_r0,07_ap0,8_inoutr_s113489_ss3665.txt
Start date      : Wed Nov 21 17:41:15 2018
End date        : Wed Nov 21 17:41:15 2018
Duration        : 0.106394 seconds
Max update time : 0.000268 seconds
----------------------------------------------------
File name       : YO_k10000_r0,08_ap0,8_inoutr_s113489_ss3932.txt
Start date      : Wed Nov 21 17:42:03 2018
End date        : Wed Nov 21 17:42:03 2018
Duration        : 0.114602 seconds
Max update time : 0.000279 seconds
----------------------------------------------------
File name       : YO_k10000_r0,09_ap0,8_inoutr_s113489_ss4242.txt
Start date      : Wed Nov 21 17:42:19 2018
End date        : Wed Nov 21 17:42:19 2018
Duration        : 0.115109 seconds
Max update time : 0.000270 seconds
----------------------------------------------------
File name       : YO_k10000_r0,1_ap0,8_inoutr_s113489_ss4491.txt
Start date      : Wed Nov 21 17:42:32 2018
End date        : Wed Nov 21 17:42:32 2018
Duration        : 0.118207 seconds
Max update time : 0.000261 seconds
----------------------------------------------------
File name       : YO_k10000_r0,2_ap0,8_inoutr_s113489_ss6484.txt
Start date      : Wed Nov 21 17:42:45 2018
End date        : Wed Nov 21 17:42:45 2018
Duration        : 0.143526 seconds
Max update time : 0.000261 seconds
----------------------------------------------------
File name       : YO_k10000_r0,3_ap0,8_inoutr_s113489_ss8144.txt
Start date      : Wed Nov 21 17:43:00 2018
End date        : Wed Nov 21 17:43:00 2018
Duration        : 0.160922 seconds
Max update time : 0.000283 seconds
----------------------------------------------------
File name       : YO_k10000_r0,4_ap0,8_inoutr_s113489_ss9487.txt
Start date      : Wed Nov 21 17:43:10 2018
End date        : Wed Nov 21 17:43:10 2018
Duration        : 0.181573 seconds
Max update time : 0.000277 seconds
----------------------------------------------------
File name       : YO_k10000_r0,5_ap0,8_inoutr_s113489_ss10000.txt
Start date      : Wed Nov 21 17:43:28 2018
End date        : Wed Nov 21 17:43:29 2018
Duration        : 0.176630 seconds
Max update time : 0.000259 seconds
----------------------------------------------------
File name       : YO_k10000_r0,01_ap0,5_inoutr_s113489_ss1183.txt
Start date      : Mon Nov 26 13:20:00 2018
End date        : Mon Nov 26 13:20:00 2018
Duration        : 0.047655 seconds
Max update time : 0.000160 seconds
----------------------------------------------------
File name       : YO_k10000_r0,01_ap0,1_inoutr_s113489_ss969.txt
Start date      : Mon Nov 26 13:20:36 2018
End date        : Mon Nov 26 13:20:37 2018
Duration        : 0.064964 seconds
Max update time : 0.000255 seconds
----------------------------------------------------
File name       : YO_k10000_r0,02_ap0,1_inoutr_s113489_ss1231.txt
Start date      : Mon Nov 26 13:21:48 2018
End date        : Mon Nov 26 13:21:48 2018
Duration        : 0.070526 seconds
Max update time : 0.000316 seconds
----------------------------------------------------
File name       : YO_k10000_r0,01_ap0,2_inoutr_s113489_ss1153.txt
Start date      : Mon Nov 26 13:32:55 2018
End date        : Mon Nov 26 13:32:55 2018
Duration        : 0.069079 seconds
Max update time : 0.000262 seconds
----------------------------------------------------
File name       : YO_k10000_r0,01_ap0,15_inoutr_s113489_ss1103.txt
Start date      : Mon Nov 26 13:33:28 2018
End date        : Mon Nov 26 13:33:28 2018
Duration        : 0.069977 seconds
Max update time : 0.000296 seconds
----------------------------------------------------
File name       : YO_k10000_r0,01_ap0,12_inoutr_s113489_ss1047.txt
Start date      : Mon Nov 26 13:33:51 2018
End date        : Mon Nov 26 13:33:51 2018
Duration        : 0.066144 seconds
Max update time : 0.000273 seconds
----------------------------------------------------
File name       : YO_k1000_r0,05_ap0,01_inoutr_s113489_ss483.txt
Start date      : Mon Nov 26 13:54:45 2018
End date        : Mon Nov 26 13:54:45 2018
Duration        : 0.033534 seconds
Max update time : 0.000196 seconds
----------------------------------------------------
File name       : YO_k1000_r1_ap0,01_inoutr_s113489_ss1000.txt
Start date      : Mon Nov 26 13:55:04 2018
End date        : Mon Nov 26 13:55:04 2018
Duration        : 0.039707 seconds
Max update time : 0.000286 seconds
----------------------------------------------------
File name       : YO_k1000_r0,1_ap0,01_inoutr_s113489_ss635.txt
Start date      : Mon Nov 26 13:55:19 2018
End date        : Mon Nov 26 13:55:19 2018
Duration        : 0.052118 seconds
Max update time : 0.000246 seconds
----------------------------------------------------
File name       : YO_k1000_r0,5_ap0,01_inoutr_s113489_ss1000.txt
Start date      : Mon Nov 26 13:55:31 2018
End date        : Mon Nov 26 13:55:31 2018
Duration        : 0.041489 seconds
Max update time : 0.000236 seconds
----------------------------------------------------
File name       : YO_k1000_r0,01_ap0,8_inoutr_s113489_ss1000.txt
Start date      : Mon Nov 26 19:11:33 2018
End date        : Mon Nov 26 19:11:33 2018
Duration        : 0.039768 seconds
Max update time : 0.000150 seconds
----------------------------------------------------
File name       : YO_k1000_r0,01_ap0,8_inoutr_s113489_ss1000.txt
Start date      : Mon Nov 26 19:37:14 2018
End date        : Mon Nov 26 19:37:14 2018
Duration        : 0.061994 seconds
Max update time : 0.000254 seconds
----------------------------------------------------
File name       : YO_k1000_r0,01_ap0,8_inoutr_s113489_ss1.txt
Start date      : Mon Nov 26 20:53:21 2018
End date        : Mon Nov 26 20:53:32 2018
Duration        : 8.776528 seconds
Max update time : 8.015293 seconds
----------------------------------------------------
File name       : YO_k1000_r0,01_ap0,8_inoutr_s113489_ss1.txt
Start date      : Mon Nov 26 20:58:52 2018
End date        : Mon Nov 26 20:59:00 2018
Duration        : 8.088057 seconds
Max update time : 8.067841 seconds
----------------------------------------------------
File name       : YO_k1000_r0,01_ap0,8_inoutr_s113489_ss1.txt
Start date      : Mon Nov 26 21:00:37 2018
End date        : Mon Nov 26 21:00:48 2018
Duration        : 8.661522 seconds
Max update time : 7.969520 seconds
----------------------------------------------------
File name       : YO_k1000_r0,01_ap0,8_inoutr_s113489_ss1.txt
Start date      : Mon Nov 26 21:02:28 2018
End date        : Mon Nov 26 21:02:36 2018
Duration        : 8.063367 seconds
Max update time : 8.039364 seconds
----------------------------------------------------
File name       : YO_k1000_r0,01_ap0,8_inoutr_s113489_ss11.txt
Start date      : Mon Nov 26 23:11:31 2018
End date        : Mon Nov 26 23:11:33 2018
Duration        : 1.665481 seconds
Max update time : 0.637751 seconds
----------------------------------------------------
File name       : YO_k1000_r1_ap0,8_inoutr_s113489_ss237.txt
Start date      : Mon Nov 26 23:18:30 2018
End date        : Mon Nov 26 23:18:32 2018
Duration        : 1.857333 seconds
Max update time : 0.255811 seconds
----------------------------------------------------
File name       : YO_k1000_r4_ap0,8_inoutr_s113489_ss809.txt
Start date      : Mon Nov 26 23:19:20 2018
End date        : Mon Nov 26 23:19:22 2018
Duration        : 2.152359 seconds
Max update time : 0.265358 seconds
----------------------------------------------------
File name       : YO_k1000_r5_ap0,8_inoutr_s113489_ss1000.txt
Start date      : Mon Nov 26 23:20:46 2018
End date        : Mon Nov 26 23:20:48 2018
Duration        : 1.946697 seconds
Max update time : 0.227212 seconds
----------------------------------------------------
File name       : YO_k1000_r0,01_ap0,8_inoutr_s113489_ss233.txt
Start date      : Mon Nov 26 23:56:55 2018
End date        : Mon Nov 26 23:56:56 2018
Duration        : 0.339029 seconds
Max update time : 0.021777 seconds
----------------------------------------------------
File name       : YO_k1000_r0,01_ap0,8_inoutr_s113489_ss1000.txt
Start date      : Tue Nov 27 00:01:07 2018
End date        : Tue Nov 27 00:01:08 2018
Duration        : 0.065243 seconds
Max update time : 0.000412 seconds
----------------------------------------------------
File name       : YO_k1000_r0,01_ap0,9_inoutr_s113489_ss293.txt
Start date      : Tue Nov 27 00:53:39 2018
End date        : Tue Nov 27 00:53:40 2018
Duration        : 0.354576 seconds
Max update time : 0.020086 seconds
----------------------------------------------------
File name       : YO_k1000_r0,01_ap1_inoutr_s113489_ss1000.txt
Start date      : Tue Nov 27 00:54:08 2018
End date        : Tue Nov 27 00:54:09 2018
Duration        : 0.585684 seconds
Max update time : 0.022638 seconds
----------------------------------------------------
File name       : YO_k1000_r0,01_ap0,98_inoutr_s113489_ss408.txt
Start date      : Tue Nov 27 01:01:08 2018
End date        : Tue Nov 27 01:01:08 2018
Duration        : 0.422125 seconds
Max update time : 0.019941 seconds
----------------------------------------------------
File name       : YO_k1000_r0,005_ap0,98_inoutr_s113489_ss297.txt
Start date      : Tue Nov 27 01:03:15 2018
End date        : Tue Nov 27 01:03:15 2018
Duration        : 0.432876 seconds
Max update time : 0.036104 seconds
----------------------------------------------------
File name       : YO_k1000_r0,04_ap0,98_inoutr_s113489_ss776.txt
Start date      : Tue Nov 27 01:03:43 2018
End date        : Tue Nov 27 01:03:44 2018
Duration        : 0.500239 seconds
Max update time : 0.023016 seconds
----------------------------------------------------
File name       : YO_k1000_r0,07_ap0,98_inoutr_s113489_ss956.txt
Start date      : Tue Nov 27 01:04:05 2018
End date        : Tue Nov 27 01:04:06 2018
Duration        : 0.534697 seconds
Max update time : 0.022911 seconds
----------------------------------------------------
File name       : YO_k1000_r0,07_ap1_inoutr_s113489_ss1000.txt
Start date      : Tue Nov 27 01:06:49 2018
End date        : Tue Nov 27 01:06:50 2018
Duration        : 0.748437 seconds
Max update time : 0.029213 seconds
----------------------------------------------------
File name       : YO_k1000_r0,07_ap0,99_inoutr_s113489_ss1000.txt
Start date      : Tue Nov 27 01:07:19 2018
End date        : Tue Nov 27 01:07:20 2018
Duration        : 0.674969 seconds
Max update time : 0.029818 seconds
----------------------------------------------------
File name       : YO_k1000_r0,08_ap0,98_inoutr_s113489_ss1000.txt
Start date      : Tue Nov 27 01:09:33 2018
End date        : Tue Nov 27 01:09:34 2018
Duration        : 0.546463 seconds
Max update time : 0.027384 seconds
----------------------------------------------------
File name       : YO_k1000_r0,01_ap0,98_inoutr_s113489_ss114.txt
Start date      : Tue Nov 27 10:20:26 2018
End date        : Tue Nov 27 10:20:26 2018
Duration        : 0.225007 seconds
Max update time : 0.023998 seconds
----------------------------------------------------
File name       : YO_k1000_r0,07_ap0,98_inoutr_s113489_ss596.txt
Start date      : Tue Nov 27 10:20:51 2018
End date        : Tue Nov 27 10:20:51 2018
Duration        : 0.430171 seconds
Max update time : 0.018986 seconds
----------------------------------------------------
File name       : YO_k1000_r0,15_ap0,98_inoutr_s113489_ss982.txt
Start date      : Tue Nov 27 10:21:17 2018
End date        : Tue Nov 27 10:21:17 2018
Duration        : 0.586664 seconds
Max update time : 0.024152 seconds
----------------------------------------------------
File name       : YO_k1000_r0,17_ap0,98_inoutr_s113489_ss1000.txt
Start date      : Tue Nov 27 10:21:33 2018
End date        : Tue Nov 27 10:21:33 2018
Duration        : 0.571713 seconds
Max update time : 0.023922 seconds
----------------------------------------------------
File name       : YO_k1000_r0,16_ap0,98_inoutr_s113489_ss1000.txt
Start date      : Tue Nov 27 10:22:48 2018
End date        : Tue Nov 27 10:22:49 2018
Duration        : 0.592997 seconds
Max update time : 0.027007 seconds
----------------------------------------------------
File name       : YO_k1000_r0,155_ap0,98_inoutr_s113489_ss1000.txt
Start date      : Tue Nov 27 10:23:49 2018
End date        : Tue Nov 27 10:23:49 2018
Duration        : 0.525388 seconds
Max update time : 0.022085 seconds
----------------------------------------------------
File name       : YO_k1000_r0,152_ap0,98_inoutr_s113489_ss989.txt
Start date      : Tue Nov 27 10:24:12 2018
End date        : Tue Nov 27 10:24:13 2018
Duration        : 0.534843 seconds
Max update time : 0.027168 seconds
----------------------------------------------------
File name       : YO_k1000_r0,01_ap0,98_inoutr_s113489_ss113.txt
Start date      : Tue Nov 27 14:26:49 2018
End date        : Tue Nov 27 14:26:50 2018
Duration        : 0.488708 seconds
Max update time : 0.026953 seconds
----------------------------------------------------
File name       : YO_k1000_r0,01_ap0,98_inoutr_s113489_ss324.txt
Start date      : Tue Nov 27 14:28:45 2018
End date        : Tue Nov 27 14:28:46 2018
Duration        : 0.615400 seconds
Max update time : 0.023651 seconds
----------------------------------------------------
File name       : YO_k1000_r0,05_ap0,98_inoutr_s113489_ss759.txt
Start date      : Tue Nov 27 14:29:23 2018
End date        : Tue Nov 27 14:29:23 2018
Duration        : 0.799478 seconds
Max update time : 0.022297 seconds
----------------------------------------------------
File name       : YO_k1000_r0,07_ap0,98_inoutr_s113489_ss882.txt
Start date      : Tue Nov 27 14:29:33 2018
End date        : Tue Nov 27 14:29:34 2018
Duration        : 0.754540 seconds
Max update time : 0.019063 seconds
----------------------------------------------------
File name       : YO_k1000_r0,09_ap0,98_inoutr_s113489_ss993.txt
Start date      : Tue Nov 27 14:29:56 2018
End date        : Tue Nov 27 14:29:56 2018
Duration        : 0.836799 seconds
Max update time : 0.022233 seconds
----------------------------------------------------
File name       : YO_k1000_r0,1_ap0,98_inoutr_s113489_ss1000.txt
Start date      : Tue Nov 27 14:30:35 2018
End date        : Tue Nov 27 14:30:36 2018
Duration        : 0.619885 seconds
Max update time : 0.022261 seconds
----------------------------------------------------
File name       : YO_k1000_r0,1_ap0,98_inoutr_s113489_ss1000.txt
Start date      : Tue Nov 27 14:33:57 2018
End date        : Tue Nov 27 14:33:58 2018
Duration        : 0.628358 seconds
Max update time : 0.018824 seconds
----------------------------------------------------
File name       : YO_k1000_r0,1_ap0,98_inoutr_s113489_ss1000.txt
Start date      : Tue Nov 27 14:40:06 2018
End date        : Tue Nov 27 14:40:07 2018
Duration        : 0.623797 seconds
Max update time : 0.019342 seconds
----------------------------------------------------
File name       : YO_k1000_r0,1_ap0,98_inoutr_s113489_ss1000.txt
Start date      : Tue Nov 27 14:44:46 2018
End date        : Tue Nov 27 14:44:46 2018
Duration        : 0.528656 seconds
Max update time : 0.023386 seconds
----------------------------------------------------
File name       : YO_k1000_r0,1_ap0,98_inoutr_s113489_ss1000.txt
Start date      : Tue Nov 27 14:47:39 2018
End date        : Tue Nov 27 14:47:39 2018
Duration        : 0.523654 seconds
Max update time : 0.023822 seconds
----------------------------------------------------
File name       : YO_k1000_r0,1_ap0,98_inoutr_s113489_ss1000.txt
Start date      : Tue Nov 27 14:51:41 2018
End date        : Tue Nov 27 14:51:42 2018
Duration        : 0.668734 seconds
Max update time : 0.023448 seconds
----------------------------------------------------
File name       : YO_k1000_r0,1_ap0,98_inoutr_s113489_ss1000.txt
Start date      : Tue Nov 27 14:53:13 2018
End date        : Tue Nov 27 14:53:14 2018
Duration        : 0.680115 seconds
Max update time : 0.018151 seconds
----------------------------------------------------
File name       : YO_k1000_r0,1_ap0,98_inoutr_s113489_ss1000.txt
Start date      : Tue Nov 27 14:56:33 2018
End date        : Tue Nov 27 14:56:34 2018
Duration        : 0.531356 seconds
Max update time : 0.024513 seconds
----------------------------------------------------
File name       : YO_k1000_r0,05_ap0,98_inoutr_s113489_ss1000.txt
Start date      : Tue Nov 27 14:57:47 2018
End date        : Tue Nov 27 14:57:47 2018
Duration        : 0.499614 seconds
Max update time : 0.018278 seconds
----------------------------------------------------
File name       : YO_k1000_r0,01_ap0,98_inoutr_s113489_ss1000.txt
Start date      : Tue Nov 27 14:58:03 2018
End date        : Tue Nov 27 14:58:03 2018
Duration        : 0.506174 seconds
Max update time : 0.025659 seconds
----------------------------------------------------
File name       : YO_k1000_r0,005_ap0,98_inoutr_s113489_ss1000.txt
Start date      : Tue Nov 27 14:59:08 2018
End date        : Tue Nov 27 14:59:08 2018
Duration        : 0.539900 seconds
Max update time : 0.034294 seconds
----------------------------------------------------
File name       : YO_k1000_r0,001_ap0,98_inoutr_s113489_ss1000.txt
Start date      : Tue Nov 27 14:59:26 2018
End date        : Tue Nov 27 14:59:26 2018
Duration        : 0.510948 seconds
Max update time : 0.022796 seconds
----------------------------------------------------
File name       : YO_k1000_r0,0001_ap0,98_inoutr_s113489_ss1000.txt
Start date      : Tue Nov 27 14:59:47 2018
End date        : Tue Nov 27 14:59:47 2018
Duration        : 0.523512 seconds
Max update time : 0.031271 seconds
----------------------------------------------------
File name       : YO_k1000_r0,00001_ap0,98_inoutr_s113489_ss1000.txt
Start date      : Tue Nov 27 15:00:08 2018
End date        : Tue Nov 27 15:00:08 2018
Duration        : 0.621305 seconds
Max update time : 0.031308 seconds
----------------------------------------------------
File name       : YO_k1000_r0,000001_ap0,98_inoutr_s113489_ss1000.txt
Start date      : Tue Nov 27 15:00:24 2018
End date        : Tue Nov 27 15:00:25 2018
Duration        : 0.618794 seconds
Max update time : 0.031053 seconds
----------------------------------------------------
