File name  : TW_k50_e0,1_ss.txt
Start date : Sat Nov 24 16:26:28 2018
End date   : Sat Nov 24 17:46:38 2018
Runtime    : 252756
Seed size  : 50
Inf. score : 8.82084e+06
-----------------------------------------------
File name  : TW_k50_e0,1_ss.txt
Start date : Sat Nov 24 23:14:32 2018
End date   : Sun Nov 25 00:02:40 2018
Runtime    : 151465
Seed size  : 50
Inf. score : 6.70843e+06
-----------------------------------------------
File name  : TW_k50_e0,1_ss.txt
Start date : Sun Nov 25 10:17:41 2018
End date   : Sun Nov 25 10:57:54 2018
Runtime    : 126591
Seed size  : 50
Inf. score : 6.13022e+06
-----------------------------------------------
File name  : TW_k50_e0,1_ss.txt
Start date : Sun Nov 25 11:58:12 2018
End date   : Sun Nov 25 11:58:47 2018
Runtime    : 28.0675
Seed size  : 50
Inf. score : 4.83454e+06
-----------------------------------------------
File name  : TW_k50_e0,1_ss.txt
Start date : Sun Nov 25 12:21:31 2018
End date   : Sun Nov 25 13:02:02 2018
Runtime    : 127473
Seed size  : 50
Inf. score : 6.12809e+06
-----------------------------------------------
