File name       : TW_k800_r1_ap0,8_urr_v1_s1000000_ss800.txt
Start date      : Wed Nov 14 22:29:39 2018
End date        : Wed Nov 14 22:30:14 2018
Duration        : 28.488239 seconds
Max update time : 0.024098 seconds
----------------------------------------------------
File name       : TW_k800_r0,5_ap0,8_urr_v1_s1000000_ss800.txt
Start date      : Wed Nov 14 23:48:26 2018
End date        : Wed Nov 14 23:49:02 2018
Duration        : 28.199663 seconds
Max update time : 0.021137 seconds
----------------------------------------------------
File name       : TW_k800_r0,25_ap0,8_urr_v1_s1000000_ss800.txt
Start date      : Thu Nov 15 10:30:11 2018
End date        : Thu Nov 15 10:30:47 2018
Duration        : 28.446256 seconds
Max update time : 0.023771 seconds
----------------------------------------------------
File name       : TW_k800_r0,1_ap0,8_urr_v1_s1000000_ss800.txt
Start date      : Thu Nov 15 10:33:01 2018
End date        : Thu Nov 15 10:33:36 2018
Duration        : 28.253242 seconds
Max update time : 0.023887 seconds
----------------------------------------------------
File name       : TW_k800_r0,05_ap0,8_urr_v1_s1000000_ss490.txt
Start date      : Thu Nov 15 10:37:15 2018
End date        : Thu Nov 15 10:37:50 2018
Duration        : 28.292000 seconds
Max update time : 0.022974 seconds
----------------------------------------------------
File name       : TW_k800_r0,025_ap0,8_urr_v1_s1000000_ss242.txt
Start date      : Thu Nov 15 10:38:12 2018
End date        : Thu Nov 15 10:38:48 2018
Duration        : 28.268715 seconds
Max update time : 0.024017 seconds
----------------------------------------------------
File name       : TW_k800_r0,01_ap0,8_urr_v1_s1000000_ss105.txt
Start date      : Thu Nov 15 10:52:03 2018
End date        : Thu Nov 15 10:52:39 2018
Duration        : 28.668796 seconds
Max update time : 0.023629 seconds
----------------------------------------------------
File name       : TW_k800_r0,005_ap0,8_urr_v1_s1000000_ss56.txt
Start date      : Thu Nov 15 10:54:16 2018
End date        : Thu Nov 15 10:54:52 2018
Duration        : 28.211912 seconds
Max update time : 0.023937 seconds
----------------------------------------------------
File name       : TW_k800_r1_ap0,8_urr_v2_s1000000_ss800.txt
Start date      : Thu Nov 15 10:55:17 2018
End date        : Thu Nov 15 10:55:51 2018
Duration        : 27.797436 seconds
Max update time : 0.002085 seconds
----------------------------------------------------
File name       : TW_k800_r0,5_ap0,8_urr_v2_s1000000_ss800.txt
Start date      : Thu Nov 15 10:56:13 2018
End date        : Thu Nov 15 10:56:48 2018
Duration        : 27.900031 seconds
Max update time : 0.014292 seconds
----------------------------------------------------
File name       : TW_k800_r0,25_ap0,8_urr_v2_s1000000_ss800.txt
Start date      : Thu Nov 15 10:57:27 2018
End date        : Thu Nov 15 10:58:02 2018
Duration        : 27.974029 seconds
Max update time : 0.013942 seconds
----------------------------------------------------
File name       : TW_k800_r0,1_ap0,8_urr_v2_s1000000_ss800.txt
Start date      : Thu Nov 15 10:58:35 2018
End date        : Thu Nov 15 10:59:11 2018
Duration        : 28.213441 seconds
Max update time : 0.024958 seconds
----------------------------------------------------
File name       : TW_k800_r0,05_ap0,8_urr_v2_s1000000_ss497.txt
Start date      : Thu Nov 15 10:59:27 2018
End date        : Thu Nov 15 11:00:02 2018
Duration        : 28.294504 seconds
Max update time : 0.024333 seconds
----------------------------------------------------
File name       : TW_k800_r0,025_ap0,8_urr_v2_s1000000_ss244.txt
Start date      : Thu Nov 15 11:00:52 2018
End date        : Thu Nov 15 11:01:27 2018
Duration        : 28.229628 seconds
Max update time : 0.024437 seconds
----------------------------------------------------
File name       : TW_k800_r0,01_ap0,8_urr_v2_s1000000_ss108.txt
Start date      : Thu Nov 15 11:01:50 2018
End date        : Thu Nov 15 11:02:25 2018
Duration        : 28.248829 seconds
Max update time : 0.024805 seconds
----------------------------------------------------
File name       : TW_k800_r0,005_ap0,8_urr_v2_s1000000_ss49.txt
Start date      : Thu Nov 15 11:03:05 2018
End date        : Thu Nov 15 11:03:40 2018
Duration        : 28.202805 seconds
Max update time : 0.023911 seconds
----------------------------------------------------
