File name  : ../../data/nethept/rtim/live/inoutr/NE_k1000_r10_ap0,8_inoutr_v1_s1522_ss444.txt
Start date : Tue Jan 22 15:10:36 2019
End date   : Tue Jan 22 15:10:37 2019
Runtime    : -1523.04
Seed size  : 444
Inf. score : 2897.86
-----------------------------------------------
File name  : ../../data/nethept/rtim/live/inoutr/NE_k1000_r30_ap0,8_inoutr_v1_s1522_ss661.txt
Start date : Tue Jan 22 15:14:17 2019
End date   : Tue Jan 22 15:14:19 2019
Runtime    : -1469.21
Seed size  : 661
Inf. score : 3457.29
-----------------------------------------------
File name  : ../../data/nethept/rtim/live/inoutr/NE_k1000_r50_ap0,8_inoutr_v1_s1522_ss905.txt
Start date : Tue Jan 22 15:22:43 2019
End date   : Tue Jan 22 15:22:45 2019
Runtime    : -1388.22
Seed size  : 905
Inf. score : 3955.94
-----------------------------------------------
File name  : ../../data/nethept/rtim/live/inoutr/NE_k1000_r60_ap0,8_inoutr_v1_s1522_ss1000.txt
Start date : Tue Jan 22 15:23:52 2019
End date   : Tue Jan 22 15:23:55 2019
Runtime    : -1278.75
Seed size  : 1000
Inf. score : 4116.69
-----------------------------------------------
File name  : ../../data/nethept/rtim/live/inoutr/v1/NE_k1000_r60_ap0,8_inoutr_v1_s1522_ss1018.txt
Start date : Tue Jan 22 16:05:20 2019
End date   : Tue Jan 22 16:05:23 2019
Runtime    : -1474.58
Seed size  : 1018
Inf. score : 4166.79
-----------------------------------------------
File name  : ../../data/nethept/rtim/live/inoutr/v1/NE_k1000_r60_ap0,8_inoutr_v1_s1522_ss1000.txt
Start date : Tue Jan 22 16:31:10 2019
End date   : Tue Jan 22 16:31:13 2019
Runtime    : -1475.93
Seed size  : 1000
Inf. score : 4116.02
-----------------------------------------------
File name  : ../../data/nethept/rtim/live/inoutr/v1/NE_k1000_r60_ap0,8_inoutr_v1_s1522_ss1000.txt
Start date : Tue Jan 22 16:35:59 2019
End date   : Tue Jan 22 16:36:02 2019
Runtime    : -1475.9
Seed size  : 1000
Inf. score : 4116.63
-----------------------------------------------
File name  : ../../data/nethept/rtim/live/inoutr/v1/NE_k1000_r60_ap0,8_inoutr_v1_s1522_ss1000.txt
Start date : Wed Jan 23 11:26:08 2019
End date   : Wed Jan 23 11:26:11 2019
Runtime    : -1474.4
Seed size  : 1000
Inf. score : 4115.86
-----------------------------------------------
File name  : ../../data/nethept/rtim/live/inoutr/v1/NE_k1000_r60_ap0,8_inoutr_v1_s1522_ss1000.txt
Start date : Wed Jan 23 11:38:06 2019
End date   : Wed Jan 23 11:38:09 2019
Runtime    : -1475.62
Seed size  : 1000
Inf. score : 4116.67
-----------------------------------------------
