File name       : NE_k1000_r10_ap0,8_inoutr_v1_s1522_ss444.txt
Start date      : Tue Jan 22 15:10:31 2019
End date        : Tue Jan 22 15:10:36 2019
Duration        : 19.375907 seconds
Max update time : 0.000010 seconds
RTIM σ_MC  : 2897.86
IMM  σ_MC  : 2259.4
----------------------------------------------------
File name       : NE_k1000_r30_ap0,8_inoutr_v1_s1522_ss661.txt
Start date      : Tue Jan 22 15:14:05 2019
End date        : Tue Jan 22 15:14:17 2019
Duration        : 42.560769 seconds
Max update time : 0.000007 seconds
RTIM σ_MC  : 3457.29
IMM  σ_MC  : 3438.37
----------------------------------------------------
File name       : NE_k1000_r50_ap0,8_inoutr_v1_s1522_ss905.txt
Start date      : Tue Jan 22 15:22:25 2019
End date        : Tue Jan 22 15:22:43 2019
Duration        : 1.084464 minutes
Max update time : 0.000011 seconds
RTIM σ_MC  : 3955.94
IMM  σ_MC  : 4266.77
----------------------------------------------------
File name       : NE_k1000_r60_ap0,8_inoutr_v1_s1522_ss1000.txt
Start date      : Tue Jan 22 15:23:28 2019
End date        : Tue Jan 22 15:23:52 2019
Duration        : 1.505701 minutes
Max update time : 0.000011 seconds
RTIM σ_MC  : 4116.69
IMM  σ_MC  : 4900.61
----------------------------------------------------
File name       : NE_k1000_r60_ap0,8_inoutr_v1_s1522_ss1018.txt
Start date      : Tue Jan 22 16:05:01 2019
End date        : Tue Jan 22 16:05:20 2019
Duration        : 1.059459 minutes
Max update time : 0.000011 seconds
RTIM σ_MC  : 4166.79
IMM  σ_MC  : 2260.17
----------------------------------------------------
File name       : NE_k1000_r60_ap0,8_inoutr_v1_s1522_ss1000.txt
Start date      : Tue Jan 22 16:30:52 2019
End date        : Tue Jan 22 16:31:10 2019
Duration        : 1.041662 minutes
Max update time : 0.000051 seconds
RTIM σ_MC  : 4116.02
IMM  σ_MC  : 2257.92
----------------------------------------------------
File name       : NE_k1000_r60_ap0,8_inoutr_v1_s1522_ss1000.txt
Start date      : Tue Jan 22 16:35:41 2019
End date        : Tue Jan 22 16:35:59 2019
Duration        : 1.041581 minutes
Max update time : 0.000010 seconds
RTIM σ_MC  : 4116.63
IMM  σ_MC  : 2259.51
----------------------------------------------------
File name       : NE_k1000_r60_ap0,8_inoutr_v1_s1522_ss1000.txt
Start date      : Wed Jan 23 11:25:50 2019
End date        : Wed Jan 23 11:26:08 2019
Duration        : 1.063675 minutes
Max update time : 0.000033 seconds
RTIM σ_MC  : 4115.86
IMM  σ_MC  : 2259.11
----------------------------------------------------
File name       : NE_k1000_r60_ap0,8_inoutr_v1_s1522_ss1000.txt
Start date      : Wed Jan 23 11:37:45 2019
End date        : Wed Jan 23 11:38:06 2019
Duration        : 1.045680 minutes
Max update time : 0.000008 seconds
RTIM σ_MC  : 4116.67
IMM  σ_MC  : 2259.22
----------------------------------------------------
