file name: NE_k300_e0,5.txt
start: Mon Nov 12 13:35:33 2018
end: Mon Nov 12 13:35:33 2018
run time: 0.471183
seed size: 0
score: 0
file name: NE_k300_e0,5_ss.txt
start: Mon Nov 12 13:40:01 2018
end: Mon Nov 12 13:40:01 2018
run time: 0.5426
seed size: 0
score: 0
file name: NE_k300_e0,5_ss.txt
start: Mon Nov 12 13:44:55 2018
end: Mon Nov 12 13:44:55 2018
run time: 0.261132
seed size: 0
score: 0
file name: NE_k300_e0,5_ss.txt
start: Mon Nov 12 13:47:44 2018
end: Mon Nov 12 13:47:44 2018
run time: 0.664132
seed size: 0
score: 0
file name: NE_k300_e0,5_ss.txt
start: Mon Nov 12 13:51:22 2018
end: Mon Nov 12 13:51:22 2018
run time: 5.0349
seed size: 300
score: 300.67
