Dataset: nethept
STREAM: model = inNOut_repeat|  size = 1522
RTIM: k = 70 | theta_ap = 0.8 | reach = 60
------------------------------------------------------------
position user_id  preAp      ap         ap_time(s) inf_old    inf_new    inf_time(s) theta_I  rtim_status        rtim_size  rtim_score imm_status     imm_size  imm_score  in_degree out_degree
1        6886     0.96296    0          -          1.6716     -          1e-06       2.123    ig. (sig. too low) -          -          -              -         -         3         3         
2        2487     0.75       0          7e-06      2.1786     -          1e-06       2.123    targeted           1          -          -              -         -         2         2         
3        4115     0.75       0          5e-06      2.25       -          1e-06       2.1228   targeted           2          -          -              -         -         2         2         
4        5040     0.96296    0          -          2.1111     -          1e-06       2.1227   ig. (sig. too low) -          -          -              -         -         3         3         
5        10283    0.96296    0          -          2.0635     -          1e-06       2.1227   ig. (sig. too low) -          -          -              -         -         3         3         
6        9311     0.75       0          8e-06      2.25       -          1e-06       2.1227   targeted           3          -          -              -         -         2         2         
7        14149    0.99609    0          7e-06      2.383      -          1e-06       2.1225   targeted           4          -          -              -         -         4         4         
8        9097     0.99998    0          8e-06      2.1568     -          1e-06       2.1225   targeted           5          -          -              -         -         6         6         
9        13657    0.96296    0          7e-06      2.162      -          1e-06       2.1222   targeted           6          -          -              -         -         3         3         
10       14077    0.75       0          -          1.8768     -          1e-06       2.1221   ig. (sig. too low) -          -          -              -         -         2         2         
11       7987     0.99968    0          9e-06      2.6153     -          2e-06       2.1221   targeted           7          -          -              -         -         5         5         
12       6515     1          0          8e-06      3.2437     -          1e-06       2.122    targeted           8          -          -              -         -         7         7         
13       7427     0.96296    0          -          2.0607     -          2e-06       2.122    ig. (sig. too low) -          -          -              -         -         3         3         
14       4549     0.96296    0          -          1.907      -          1e-06       2.122    ig. (sig. too low) -          -          -              -         -         3         3         
15       6672     0          0          -          1.7845     -          1e-06       2.122    ig. (sig. too low) -          -          -              -         -         1         1         
16       2505     1          0          1.2e-05    6.3476     -          1e-06       2.122    targeted           9          -          -              -         -         17        17        
17       1975     0.99609    0          -          2.0625     -          1e-06       2.122    ig. (sig. too low) -          -          -              -         -         4         4         
18       7784     0.99609    0          -          2.0097     -          1e-06       2.122    ig. (sig. too low) -          -          -              -         -         4         4         
19       4444     1          0          8e-06      4.587      -          1e-06       2.122    targeted           10         -          -              -         -         12        12        
20       5467     0.96296    0          -          2.059      -          1e-06       2.122    ig. (sig. too low) -          -          -              -         -         3         3         
21       7684     0.75       0          -          2.1056     -          0           2.122    ig. (sig. too low) -          -          -              -         -         2         2         
22       10817    0.99609    0          -          1.9433     -          1e-06       2.122    ig. (sig. too low) -          -          -              -         -         4         4         
23       1233     0.96296    0          1.4e-05    2.3322     -          1e-06       2.122    targeted           11         -          -              -         -         3         3         
24       11255    0.96296    0          8e-06      2.1266     -          1e-06       2.122    targeted           12         -          -              -         -         3         3         
25       11225    0.99609    0          -          1.9407     -          1e-06       2.122    ig. (sig. too low) -          -          -              -         -         4         4         
26       5440     0.96296    0          8e-06      3.3333     -          1e-06       2.122    targeted           13         -          -              -         -         3         3         
27       2482     0.96296    0          -          1.9968     -          1e-06       2.122    ig. (sig. too low) -          -          -              -         -         3         3         
28       5022     0.99998    0          8e-06      5.1167     -          1e-06       2.122    targeted           14         -          -              -         -         6         6         
29       911      1          0          8e-06      5.0972     -          1e-06       2.1218   targeted           15         -          -              -         -         9         9         
30       12667    0.75       0          -          1.4647     -          1e-06       2.1218   ig. (sig. too low) -          -          -              -         -         2         2         
31       10705    0.96296    0          -          2.1111     -          1e-06       2.1218   ig. (sig. too low) -          -          -              -         -         3         3         
32       1286     1          0          9e-06      5.6006     -          1e-06       2.1218   targeted           16         -          -              -         -         10        10        
33       716      1          0          8e-06      3.2993     -          1e-06       2.1213   targeted           17         -          -              -         -         9         9         
34       8733     1          0          8e-06      2.3548     -          1e-06       2.1212   targeted           18         -          -              -         -         8         8         
35       11428    1          0          -          2.0614     -          2e-06       2.1206   ig. (sig. too low) -          -          -              -         -         31        31        
36       656      1          0          9e-06      3.7122     -          1e-06       2.1206   targeted           19         -          -              -         -         8         8         
37       4156     1          0          7e-06      3.6469     -          1e-06       2.1206   targeted           20         -          -              -         -         17        17        
38       339      0.96296    0          -          2.0242     -          1e-06       2.1204   ig. (sig. too low) -          -          -              -         -         3         3         
39       12252    0.96296    0          7e-06      2.2081     -          1e-06       2.1204   targeted           21         -          -              -         -         3         3         
40       13174    0          0          -          1.8889     -          1e-06       2.1204   ig. (sig. too low) -          -          -              -         -         1         1         
41       4578     1          0          6e-06      5.8327     -          1e-06       2.1204   targeted           22         -          -              -         -         13        13        
42       15216    0.96296    0          -          2.1111     -          1e-06       2.1203   ig. (sig. too low) -          -          -              -         -         3         3         
43       1153     1          0          8e-06      5.5666     -          1e-06       2.1203   targeted           23         -          -              -         -         16        16        
44       5106     0.99998    0          7e-06      2.7432     -          1e-06       2.1199   targeted           24         -          -              -         -         6         6         
45       2540     1          0          8e-06      5.7612     -          1e-06       2.1196   targeted           25         -          -              -         -         9         9         
46       12       1          0.035714   7e-06      8.0465     -          2e-06       2.1196   targeted           26         -          -              -         -         28        28        
47       168      1          0          1.3e-05    4.5674     -          1e-06       2.1191   targeted           27         -          -              -         -         31        31        
48       15178    0          0          -          1.6465     -          1e-06       2.1191   ig. (sig. too low) -          -          -              -         -         1         1         
49       278      1          0          8e-06      4.2883     -          1e-06       2.1191   targeted           28         -          -              -         -         13        13        
50       6583     1          0          8e-06      6.2736     -          1e-06       2.1191   targeted           29         -          -              -         -         21        21        
51       10763    0.99609    0          7e-06      2.1819     -          1e-06       2.119    targeted           30         -          -              -         -         4         4         
52       487      1          0          6e-06      5.7799     -          1e-06       2.119    targeted           31         -          -              -         -         26        26        
53       9050     0.99968    0          7e-06      2.4321     -          1e-06       2.1186   targeted           32         -          -              -         -         5         5         
54       5681     0.99968    0          8e-06      2.7513     -          1e-06       2.1185   targeted           33         -          -              -         -         5         5         
55       634      1          0.00076628 8e-06      9.0553     -          1e-06       2.1182   targeted           34         -          -              -         -         45        45        
56       6460     0.99609    0          -          2.08       -          1e-06       2.1182   ig. (sig. too low) -          -          -              -         -         4         4         
57       54       1          0          8e-06      3.4659     -          1e-06       2.1182   targeted           35         -          -              -         -         12        12        
58       78       1          0.073157   8e-06      4.4727     -          1e-06       2.1176   targeted           36         -          -              -         -         15        15        
59       6894     1          0          9e-06      3.629      -          1e-06       2.1174   targeted           37         -          -              -         -         9         9         
60       4488     0.99998    0          7e-06      4.5        -          1e-06       2.1171   targeted           38         -          -              -         -         6         6         
61       1658     1          0          9e-06      7.0148     -          1e-06       2.1171   targeted           39         -          -              -         -         14        14        
62       3478     1          0          8e-06      3.6597     -          2e-06       2.1171   targeted           40         -          -              -         -         8         8         
63       9266     1          0          -          2.0019     -          1e-06       2.1169   ig. (sig. too low) -          -          -              -         -         23        23        
64       6011     1          0.093143   1e-05      2.3135     -          1e-06       2.1169   targeted           41         -          -              -         -         11        11        
65       2832     1          0.00625    8e-06      6.1274     -          1e-06       2.1169   targeted           42         -          -              -         -         20        20        
66       11612    1          0          1e-05      2.91       -          1e-06       2.1169   targeted           43         -          -              -         -         7         7         
67       954      1          0          8e-06      6.4319     -          1e-06       2.1167   targeted           44         -          -              -         -         17        17        
68       5947     0          0          -          1.4148     -          1e-06       2.1167   ig. (sig. too low) -          -          -              -         -         1         1         
69       9048     0.96296    0.36111    -          1.9564     -          1e-06       2.1167   ig. (sig. too low) -          -          -              -         -         3         3         
70       1530     1          0          1.1e-05    2.8812     -          1e-06       2.1167   targeted           45         -          -              -         -         13        13        
71       2061     1          0          9e-06      7.5733     -          1e-06       2.1167   targeted           46         -          -              -         -         12        12        
72       9267     1          0          -          2.0019     -          1e-06       2.1167   ig. (sig. too low) -          -          -              -         -         23        23        
73       3185     0.99609    0.25741    1.1e-05    3.6321     -          1e-06       2.1167   targeted           47         -          -              -         -         4         4         
74       112      1          0          8e-06      4.5013     -          1e-06       2.1165   targeted           48         -          -              -         -         13        13        
75       4586     1          0          8e-06      4.0042     -          1e-06       2.1162   targeted           49         -          -              -         -         15        15        
76       5140     1          0          9e-06      2.1406     -          1e-06       2.1161   targeted           50         -          -              -         -         8         8         
77       3344     1          0          8e-06      6.846      -          1e-06       2.1159   targeted           51         -          -              -         -         12        12        
78       5136     1          0          1.1e-05    3.8957     -          1e-06       2.1159   targeted           52         -          -              -         -         8         8         
79       8658     0.99609    0          9e-06      2.5278     -          0           2.1159   targeted           53         -          -              -         -         4         4         
80       7158     0.99609    0          1e-05      2.6018     -          1e-06       2.1158   targeted           54         -          -              -         -         4         4         
81       16       0.99609    0          7e-06      3.0401     -          1e-06       2.1158   targeted           55         -          -              -         -         4         4         
82       15111    0.96296    0          -          1.4809     -          0           2.1155   ig. (sig. too low) -          -          -              -         -         3         3         
83       11096    1          0.0075188  8e-06      2.251      -          1e-06       2.1155   targeted           56         -          -              -         -         7         7         
84       5987     0.99609    0          8e-06      3.0018     -          1e-06       2.1153   targeted           57         -          -              -         -         4         4         
85       13786    0.96296    0          -          2.1111     -          1e-06       2.1149   ig. (sig. too low) -          -          -              -         -         3         3         
86       100      1          0.034638   8e-06      12.139     -          1e-06       2.1149   targeted           58         -          -              -         -         64        64        
87       4470     1          0          8e-06      3.5551     -          1e-06       2.1145   targeted           59         -          -              -         -         7         7         
88       13175    0.96296    0          -          1.3916     -          1e-06       2.1139   ig. (sig. too low) -          -          -              -         -         3         3         
89       512      1          0.002986   9e-06      8.2271     -          2e-06       2.1139   targeted           60         -          -              -         -         33        33        
90       5554     1          0.076923   8e-06      3.26       -          1e-06       2.1138   targeted           61         -          -              -         -         13        13        
91       4349     0.99998    0          7e-06      3.2121     -          1e-06       2.1137   targeted           62         -          -              -         -         6         6         
92       3922     0.96296    0.013839   -          1.7236     -          1e-06       2.1137   ig. (sig. too low) -          -          -              -         -         3         3         
93       4915     0.99609    0          7e-06      3.25       -          0           2.1137   targeted           63         -          -              -         -         4         4         
94       1378     1          0.0029326  8e-06      3.5092     -          1e-06       2.1137   targeted           64         -          -              -         -         11        11        
95       683      1          0          9e-06      2.7736     -          1e-06       2.1136   targeted           65         -          -              -         -         9         9         
96       11271    0.75       0          -          1.8861     -          1e-06       2.1136   ig. (sig. too low) -          -          -              -         -         2         2         
97       1778     0.99968    0.2        8e-06      2.9604     -          1e-06       2.1136   targeted           66         -          -              -         -         5         5         
98       5266     0.99998    0          7e-06      3.1667     -          1e-06       2.1133   targeted           67         -          -              -         -         6         6         
99       10549    1          0          8e-06      2.8325     -          1e-06       2.1133   targeted           68         -          -              -         -         7         7         
100      5199     0          0          7e-06      3          -          1e-06       2.1133   targeted           69         -          -              -         -         1         1         
101      8618     1          0          7e-06      2.7286     -          1e-06       2.1133   targeted           70         -          -              -         -         8         8         
